Feb  8 04:30:15 DC01 Microsoft-Windows-Security-Auditing[4728]: A member was added to a security-enabled global group. Subject: Security ID: S-1-5-21-3623811015-3361044348-30300820-500 Account Name: Administrator Account Domain: CONTOSO Logon ID: 0x3e7 Member: Member Name: CN=john.doe,CN=Users,DC=contoso,DC=com Member ID: S-1-5-21-3623811015-3361044348-30300820-1001 Group: Group Name: Domain Admins Group Domain: CONTOSO Group ID: S-1-5-21-3623811015-3361044348-30300820-512 Additional Information: Privileges: -
Feb  8 04:30:28 DC02 Microsoft-Windows-Security-Auditing[4728]: A member was added to a security-enabled global group. Subject: Security ID: S-1-5-21-3623811015-3361044348-30300820-1013 Account Name: john.doe Account Domain: CONTOSO Logon ID: 0x3e8 Member: Member Name: CN=jane.smith,CN=Users,DC=contoso,DC=com Member ID: S-1-5-21-3623811015-3361044348-30300820-1002 Group: Group Name: Domain Admins Group Domain: CONTOSO Group ID: S-1-5-21-3623811015-3361044348-30300820-512 Additional Information: Privileges: -
Feb  8 04:30:42 DC01 Microsoft-Windows-Security-Auditing[4729]: A member was removed from a security-enabled global group. Subject: Security ID: S-1-5-21-3623811015-3361044348-30300820-500 Account Name: Administrator Account Domain: CONTOSO Logon ID: 0x3e9 Member: Member Name: CN=old.admin,CN=Users,DC=contoso,DC=com Member ID: S-1-5-21-3623811015-3361044348-30300820-1099 Group: Group Name: Domain Admins Group Domain: CONTOSO Group ID: S-1-5-21-3623811015-3361044348-30300820-512 Additional Information: Privileges: -
Feb  8 04:30:55 DC03 Microsoft-Windows-Security-Auditing[4728]: A member was added to a security-enabled global group. Subject: Security ID: S-1-5-21-3623811015-3361044348-30300820-1002 Account Name: jane.smith Account Domain: CONTOSO Logon ID: 0x3ea Member: Member Name: CN=mike.johnson,CN=Users,DC=contoso,DC=com Member ID: S-1-5-21-3623811015-3361044348-30300820-1003 Group: Group Name: Domain Admins Group Domain: CONTOSO Group ID: S-1-5-21-3623811015-3361044348-30300820-512 Additional Information: Privileges: -
Feb  8 04:31:08 DC02 Microsoft-Windows-Security-Auditing[4728]: A member was added to a security-enabled global group. Subject: Security ID: S-1-5-21-3623811015-3361044348-30300820-500 Account Name: Administrator Account Domain: CONTOSO Logon ID: 0x3eb Member: Member Name: CN=sarah.wilson,CN=Users,DC=contoso,DC=com Member ID: S-1-5-21-3623811015-3361044348-30300820-1004 Group: Group Name: Domain Admins Group Domain: CONTOSO Group ID: S-1-5-21-3623811015-3361044348-30300820-512 Additional Information: Privileges: -
Feb  8 04:31:21 DC01 Microsoft-Windows-Security-Auditing[4729]: A member was removed from a security-enabled global group. Subject: Security ID: S-1-5-21-3623811015-3361044348-30300820-1001 Account Name: john.doe Account Domain: CONTOSO Logon ID: 0x3ec Member: Member Name: CN=former.admin,CN=Users,DC=contoso,DC=com Member ID: S-1-5-21-3623811015-3361044348-30300820-1098 Group: Group Name: Domain Admins Group Domain: CONTOSO Group ID: S-1-5-21-3623811015-3361044348-30300820-512 Additional Information: Privileges: -
Feb  8 04:31:35 DC03 Microsoft-Windows-Security-Auditing[4728]: A member was added to a security-enabled global group. Subject: Security ID: S-1-5-21-3623811015-3361044348-30300820-1003 Account Name: mike.johnson Account Domain: CONTOSO Logon ID: 0x3ed Member: Member Name: CN=david.brown,CN=Users,DC=contoso,DC=com Member ID: S-1-5-21-3623811015-3361044348-30300820-1005 Group: Group Name: Domain Admins Group Domain: CONTOSO Group ID: S-1-5-21-3623811015-3361044348-30300820-512 Additional Information: Privileges: -
Feb  8 04:31:48 DC02 Microsoft-Windows-Security-Auditing[4728]: A member was added to a security-enabled global group. Subject: Security ID: S-1-5-21-3623811015-3361044348-30300820-1004 Account Name: sarah.wilson Account Domain: CONTOSO Logon ID: 0x3ee Member: Member Name: CN=lisa.davis,CN=Users,DC=contoso,DC=com Member ID: S-1-5-21-3623811015-3361044348-30300820-1006 Group: Group Name: Domain Admins Group Domain: CONTOSO Group ID: S-1-5-21-3623811015-3361044348-30300820-512 Additional Information: Privileges: -
Feb  8 04:32:01 DC01 Microsoft-Windows-Security-Auditing[4729]: A member was removed from a security-enabled global group. Subject: Security ID: S-1-5-21-3623811015-3361044348-30300820-500 Account Name: Administrator Account Domain: CONTOSO Logon ID: 0x3ef Member: Member Name: CN=temp.admin,CN=Users,DC=contoso,DC=com Member ID: S-1-5-21-3623811015-3361044348-30300820-1097 Group: Group Name: Domain Admins Group Domain: CONTOSO Group ID: S-1-5-21-3623811015-3361044348-30300820-512 Additional Information: Privileges: -
Feb  8 04:32:15 DC03 Microsoft-Windows-Security-Auditing[4728]: A member was added to a security-enabled global group. Subject: Security ID: S-1-5-21-3623811015-3361044348-30300820-1005 Account Name: david.brown Account Domain: CONTOSO Logon ID: 0x3f0 Member: Member Name: CN=robert.miller,CN=Users,DC=contoso,DC=com Member ID: S-1-5-21-3623811015-3361044348-30300820-1007 Group: Group Name: Domain Admins Group Domain: CONTOSO Group ID: S-1-5-21-3623811015-3361044348-30300820-512 Additional Information: Privileges: -
Feb  8 04:32:28 DC02 Microsoft-Windows-Security-Auditing[4728]: A member was added to a security-enabled global group. Subject: Security ID: S-1-5-21-3623811015-3361044348-30300820-1006 Account Name: lisa.davis Account Domain: CONTOSO Logon ID: 0x3f1 Member: Member Name: CN=amy.garcia,CN=Users,DC=contoso,DC=com Member ID: S-1-5-21-3623811015-3361044348-30300820-1008 Group: Group Name: Domain Admins Group Domain: CONTOSO Group ID: S-1-5-21-3623811015-3361044348-30300820-512 Additional Information: Privileges: -
Feb  8 04:32:42 DC01 Microsoft-Windows-Security-Auditing[4729]: A member was removed from a security-enabled global group. Subject: Security ID: S-1-5-21-3623811015-3361044348-30300820-1002 Account Name: jane.smith Account Domain: CONTOSO Logon ID: 0x3f2 Member: Member Name: CN=contractor.admin,CN=Users,DC=contoso,DC=com Member ID: S-1-5-21-3623811015-3361044348-30300820-1096 Group: Group Name: Domain Admins Group Domain: CONTOSO Group ID: S-1-5-21-3623811015-3361044348-30300820-512 Additional Information: Privileges: -
Feb  8 04:32:55 DC03 Microsoft-Windows-Security-Auditing[4728]: A member was added to a security-enabled global group. Subject: Security ID: S-1-5-21-3623811015-3361044348-30300820-1007 Account Name: robert.miller Account Domain: CONTOSO Logon ID: 0x3f3 Member: Member Name: CN=kevin.martinez,CN=Users,DC=contoso,DC=com Member ID: S-1-5-21-3623811015-3361044348-30300820-1009 Group: Group Name: Domain Admins Group Domain: CONTOSO Group ID: S-1-5-21-3623811015-3361044348-30300820-512 Additional Information: Privileges: -
Feb  8 04:33:08 DC02 Microsoft-Windows-Security-Auditing[4728]: A member was added to a security-enabled global group. Subject: Security ID: S-1-5-21-3623811015-3361044348-30300820-1008 Account Name: amy.garcia Account Domain: CONTOSO Logon ID: 0x3f4 Member: Member Name: CN=jennifer.anderson,CN=Users,DC=contoso,DC=com Member ID: S-1-5-21-3623811015-3361044348-30300820-1010 Group: Group Name: Domain Admins Group Domain: CONTOSO Group ID: S-1-5-21-3623811015-3361044348-30300820-512 Additional Information: Privileges: -
Feb  8 04:33:21 DC01 Microsoft-Windows-Security-Auditing[4729]: A member was removed from a security-enabled global group. Subject: Security ID: S-1-5-21-3623811015-3361044348-30300820-500 Account Name: Administrator Account Domain: CONTOSO Logon ID: 0x3f5 Member: Member Name: CN=service.admin,CN=Users,DC=contoso,DC=com Member ID: S-1-5-21-3623811015-3361044348-30300820-1095 Group: Group Name: Domain Admins Group Domain: CONTOSO Group ID: S-1-5-21-3623811015-3361044348-30300820-512 Additional Information: Privileges: -
Feb  8 04:33:35 DC03 Microsoft-Windows-Security-Auditing[4728]: A member was added to a security-enabled global group. Subject: Security ID: S-1-5-21-3623811015-3361044348-30300820-1009 Account Name: kevin.martinez Account Domain: CONTOSO Logon ID: 0x3f6 Member: Member Name: CN=chris.taylor,CN=Users,DC=contoso,DC=com Member ID: S-1-5-21-3623811015-3361044348-30300820-1011 Group: Group Name: Domain Admins Group Domain: CONTOSO Group ID: S-1-5-21-3623811015-3361044348-30300820-512 Additional Information: Privileges: -
Feb  8 04:33:48 DC02 Microsoft-Windows-Security-Auditing[4728]: A member was added to a security-enabled global group. Subject: Security ID: S-1-5-21-3623811015-3361044348-30300820-1010 Account Name: jennifer.anderson Account Domain: CONTOSO Logon ID: 0x3f7 Member: Member Name: CN=michelle.thomas,CN=Users,DC=contoso,DC=com Member ID: S-1-5-21-3623811015-3361044348-30300820-1012 Group: Group Name: Domain Admins Group Domain: CONTOSO Group ID: S-1-5-21-3623811015-3361044348-30300820-512 Additional Information: Privileges: -
Feb  8 04:34:01 DC01 Microsoft-Windows-Security-Auditing[4729]: A member was removed from a security-enabled global group. Subject: Security ID: S-1-5-21-3623811015-3361044348-30300820-1003 Account Name: mike.johnson Account Domain: CONTOSO Logon ID: 0x3f8 Member: Member Name: CN=backup.admin,CN=Users,DC=contoso,DC=com Member ID: S-1-5-21-3623811015-3361044348-30300820-1094 Group: Group Name: Domain Admins Group Domain: CONTOSO Group ID: S-1-5-21-3623811015-3361044348-30300820-512 Additional Information: Privileges: -
Feb  8 04:34:15 DC03 Microsoft-Windows-Security-Auditing[4728]: A member was added to a security-enabled global group. Subject: Security ID: S-1-5-21-3623811015-3361044348-30300820-1011 Account Name: chris.taylor Account Domain: CONTOSO Logon ID: 0x3f9 Member: Member Name: CN=daniel.jackson,CN=Users,DC=contoso,DC=com Member ID: S-1-5-21-3623811015-3361044348-30300820-1013 Group: Group Name: Domain Admins Group Domain: CONTOSO Group ID: S-1-5-21-3623811015-3361044348-30300820-512 Additional Information: Privileges: -
Feb  8 04:34:28 DC02 Microsoft-Windows-Security-Auditing[4728]: A member was added to a security-enabled global group. Subject: Security ID: S-1-5-21-3623811015-3361044348-30300820-1012 Account Name: michelle.thomas Account Domain: CONTOSO Logon ID: 0x3fa Member: Member Name: CN=ashley.white,CN=Users,DC=contoso,DC=com Member ID: S-1-5-21-3623811015-3361044348-30300820-1014 Group: Group Name: Domain Admins Group Domain: CONTOSO Group ID: S-1-5-21-3623811015-3361044348-30300820-512 Additional Information: Privileges: -
Feb  8 04:34:42 DC01 Microsoft-Windows-Security-Auditing[4729]: A member was removed from a security-enabled global group. Subject: Security ID: S-1-5-21-3623811015-3361044348-30300820-500 Account Name: Administrator Account Domain: CONTOSO Logon ID: 0x3fb Member: Member Name: CN=test.admin,CN=Users,DC=contoso,DC=com Member ID: S-1-5-21-3623811015-3361044348-30300820-1093 Group: Group Name: Domain Admins Group Domain: CONTOSO Group ID: S-1-5-21-3623811015-3361044348-30300820-512 Additional Information: Privileges: -
Feb  8 04:34:55 DC03 Microsoft-Windows-Security-Auditing[4728]: A member was added to a security-enabled global group. Subject: Security ID: S-1-5-21-3623811015-3361044348-30300820-1013 Account Name: daniel.jackson Account Domain: CONTOSO Logon ID: 0x3fc Member: Member Name: CN=matthew.harris,CN=Users,DC=contoso,DC=com Member ID: S-1-5-21-3623811015-3361044348-30300820-1015 Group: Group Name: Domain Admins Group Domain: CONTOSO Group ID: S-1-5-21-3623811015-3361044348-30300820-512 Additional Information: Privileges: -
Feb  8 04:35:08 DC02 Microsoft-Windows-Security-Auditing[4728]: A member was added to a security-enabled global group. Subject: Security ID: S-1-5-21-3623811015-3361044348-30300820-1014 Account Name: ashley.white Account Domain: CONTOSO Logon ID: 0x3fd Member: Member Name: CN=stephanie.clark,CN=Users,DC=contoso,DC=com Member ID: S-1-5-21-3623811015-3361044348-30300820-1016 Group: Group Name: Domain Admins Group Domain: CONTOSO Group ID: S-1-5-21-3623811015-3361044348-30300820-512 Additional Information: Privileges: -
Feb  8 04:35:21 DC01 Microsoft-Windows-Security-Auditing[4729]: A member was removed from a security-enabled global group. Subject: Security ID: S-1-5-21-3623811015-3361044348-30300820-1004 Account Name: sarah.wilson Account Domain: CONTOSO Logon ID: 0x3fe Member: Member Name: CN=guest.admin,CN=Users,DC=contoso,DC=com Member ID: S-1-5-21-3623811015-3361044348-30300820-1092 Group: Group Name: Domain Admins Group Domain: CONTOSO Group ID: S-1-5-21-3623811015-3361044348-30300820-512 Additional Information: Privileges: -
Feb  8 04:35:35 DC03 Microsoft-Windows-Security-Auditing[4728]: A member was added to a security-enabled global group. Subject: Security ID: S-1-5-21-3623811015-3361044348-30300820-1015 Account Name: matthew.harris Account Domain: CONTOSO Logon ID: 0x3ff Member: Member Name: CN=andrew.lewis,CN=Users,DC=contoso,DC=com Member ID: S-1-5-21-3623811015-3361044348-30300820-1017 Group: Group Name: Domain Admins Group Domain: CONTOSO Group ID: S-1-5-21-3623811015-3361044348-30300820-512 Additional Information: Privileges: -
Feb  8 04:35:48 DC02 Microsoft-Windows-Security-Auditing[4728]: A member was added to a security-enabled global group. Subject: Security ID: S-1-5-21-3623811015-3361044348-30300820-1016 Account Name: stephanie.clark Account Domain: CONTOSO Logon ID: 0x400 Member: Member Name: CN=kimberly.robinson,CN=Users,DC=contoso,DC=com Member ID: S-1-5-21-3623811015-3361044348-30300820-1018 Group: Group Name: Domain Admins Group Domain: CONTOSO Group ID: S-1-5-21-3623811015-3361044348-30300820-512 Additional Information: Privileges: -
Feb  8 04:36:01 DC01 Microsoft-Windows-Security-Auditing[4729]: A member was removed from a security-enabled global group. Subject: Security ID: S-1-5-21-3623811015-3361044348-30300820-500 Account Name: Administrator Account Domain: CONTOSO Logon ID: 0x401 Member: Member Name: CN=support.admin,CN=Users,DC=contoso,DC=com Member ID: S-1-5-21-3623811015-3361044348-30300820-1091 Group: Group Name: Domain Admins Group Domain: CONTOSO Group ID: S-1-5-21-3623811015-3361044348-30300820-512 Additional Information: Privileges: -
Feb  8 04:36:15 DC03 Microsoft-Windows-Security-Auditing[4728]: A member was added to a security-enabled global group. Subject: Security ID: S-1-5-21-3623811015-3361044348-30300820-1017 Account Name: andrew.lewis Account Domain: CONTOSO Logon ID: 0x402 Member: Member Name: CN=joshua.walker,CN=Users,DC=contoso,DC=com Member ID: S-1-5-21-3623811015-3361044348-30300820-1019 Group: Group Name: Domain Admins Group Domain: CONTOSO Group ID: S-1-5-21-3623811015-3361044348-30300820-512 Additional Information: Privileges: -
Feb  8 04:36:28 DC02 Microsoft-Windows-Security-Auditing[4728]: A member was added to a security-enabled global group. Subject: Security ID: S-1-5-21-3623811015-3361044348-30300820-1018 Account Name: kimberly.robinson Account Domain: CONTOSO Logon ID: 0x403 Member: Member Name: CN=amanda.hall,CN=Users,DC=contoso,DC=com Member ID: S-1-5-21-3623811015-3361044348-30300820-1020 Group: Group Name: Domain Admins Group Domain: CONTOSO Group ID: S-1-5-21-3623811015-3361044348-30300820-512 Additional Information: Privileges: -
Feb  8 04:36:42 DC01 Microsoft-Windows-Security-Auditing[4729]: A member was removed from a security-enabled global group. Subject: Security ID: S-1-5-21-3623811015-3361044348-30300820-1005 Account Name: david.brown Account Domain: CONTOSO Logon ID: 0x404 Member: Member Name: CN=intern.admin,CN=Users,DC=contoso,DC=com Member ID: S-1-5-21-3623811015-3361044348-30300820-1090 Group: Group Name: Domain Admins Group Domain: CONTOSO Group ID: S-1-5-21-3623811015-3361044348-30300820-512 Additional Information: Privileges: -
Feb  8 04:36:55 DC03 Microsoft-Windows-Security-Auditing[4728]: A member was added to a security-enabled global group. Subject: Security ID: S-1-5-21-3623811015-3361044348-30300820-1019 Account Name: joshua.walker Account Domain: CONTOSO Logon ID: 0x405 Member: Member Name: CN=justin.allen,CN=Users,DC=contoso,DC=com Member ID: S-1-5-21-3623811015-3361044348-30300820-1021 Group: Group Name: Domain Admins Group Domain: CONTOSO Group ID: S-1-5-21-3623811015-3361044348-30300820-512 Additional Information: Privileges: -
Feb  8 04:37:08 DC02 Microsoft-Windows-Security-Auditing[4728]: A member was added to a security-enabled global group. Subject: Security ID: S-1-5-21-3623811015-3361044348-30300820-1020 Account Name: amanda.hall Account Domain: CONTOSO Logon ID: 0x406 Member: Member Name: CN=megan.young,CN=Users,DC=contoso,DC=com Member ID: S-1-5-21-3623811015-3361044348-30300820-1022 Group: Group Name: Domain Admins Group Domain: CONTOSO Group ID: S-1-5-21-3623811015-3361044348-30300820-512 Additional Information: Privileges: -
Feb  8 04:37:21 DC01 Microsoft-Windows-Security-Auditing[4729]: A member was removed from a security-enabled global group. Subject: Security ID: S-1-5-21-3623811015-3361044348-30300820-500 Account Name: Administrator Account Domain: CONTOSO Logon ID: 0x407 Member: Member Name: CN=vendor.admin,CN=Users,DC=contoso,DC=com Member ID: S-1-5-21-3623811015-3361044348-30300820-1089 Group: Group Name: Domain Admins Group Domain: CONTOSO Group ID: S-1-5-21-3623811015-3361044348-30300820-512 Additional Information: Privileges: -
Feb  8 04:37:35 DC03 Microsoft-Windows-Security-Auditing[4728]: A member was added to a security-enabled global group. Subject: Security ID: S-1-5-21-3623811015-3361044348-30300820-1021 Account Name: justin.allen Account Domain: CONTOSO Logon ID: 0x408 Member: Member Name: CN=brandon.hernandez,CN=Users,DC=contoso,DC=com Member ID: S-1-5-21-3623811015-3361044348-30300820-1023 Group: Group Name: Domain Admins Group Domain: CONTOSO Group ID: S-1-5-21-3623811015-3361044348-30300820-512 Additional Information: Privileges: -
Feb  8 04:37:48 DC02 Microsoft-Windows-Security-Auditing[4728]: A member was added to a security-enabled global group. Subject: Security ID: S-1-5-21-3623811015-3361044348-30300820-1022 Account Name: megan.young Account Domain: CONTOSO Logon ID: 0x409 Member: Member Name: CN=nicole.king,CN=Users,DC=contoso,DC=com Member ID: S-1-5-21-3623811015-3361044348-30300820-1024 Group: Group Name: Domain Admins Group Domain: CONTOSO Group ID: S-1-5-21-3623811015-3361044348-30300820-512 Additional Information: Privileges: -
Feb  8 04:38:01 DC01 Microsoft-Windows-Security-Auditing[4729]: A member was removed from a security-enabled global group. Subject: Security ID: S-1-5-21-3623811015-3361044348-30300820-1006 Account Name: lisa.davis Account Domain: CONTOSO Logon ID: 0x40a Member: Member Name: CN=external.admin,CN=Users,DC=contoso,DC=com Member ID: S-1-5-21-3623811015-3361044348-30300820-1088 Group: Group Name: Domain Admins Group Domain: CONTOSO Group ID: S-1-5-21-3623811015-3361044348-30300820-512 Additional Information: Privileges: -
Feb  8 04:38:15 DC03 Microsoft-Windows-Security-Auditing[4728]: A member was added to a security-enabled global group. Subject: Security ID: S-1-5-21-3623811015-3361044348-30300820-1023 Account Name: brandon.hernandez Account Domain: CONTOSO Logon ID: 0x40b Member: Member Name: CN=tyler.wright,CN=Users,DC=contoso,DC=com Member ID: S-1-5-21-3623811015-3361044348-30300820-1025 Group: Group Name: Domain Admins Group Domain: CONTOSO Group ID: S-1-5-21-3623811015-3361044348-30300820-512 Additional Information: Privileges: -
Feb  8 04:38:28 DC02 Microsoft-Windows-Security-Auditing[4728]: A member was added to a security-enabled global group. Subject: Security ID: S-1-5-21-3623811015-3361044348-30300820-1024 Account Name: nicole.king Account Domain: CONTOSO Logon ID: 0x40c Member: Member Name: CN=rachel.lopez,CN=Users,DC=contoso,DC=com Member ID: S-1-5-21-3623811015-3361044348-30300820-1026 Group: Group Name: Domain Admins Group Domain: CONTOSO Group ID: S-1-5-21-3623811015-3361044348-30300820-512 Additional Information: Privileges: -
Feb  8 04:38:42 DC01 Microsoft-Windows-Security-Auditing[4729]: A member was removed from a security-enabled global group. Subject: Security ID: S-1-5-21-3623811015-3361044348-30300820-500 Account Name: Administrator Account Domain: CONTOSO Logon ID: 0x40d Member: Member Name: CN=project.admin,CN=Users,DC=contoso,DC=com Member ID: S-1-5-21-3623811015-3361044348-30300820-1087 Group: Group Name: Domain Admins Group Domain: CONTOSO Group ID: S-1-5-21-3623811015-3361044348-30300820-512 Additional Information: Privileges: -
Feb  8 04:38:55 DC03 Microsoft-Windows-Security-Auditing[4728]: A member was added to a security-enabled global group. Subject: Security ID: S-1-5-21-3623811015-3361044348-30300820-1025 Account Name: tyler.wright Account Domain: CONTOSO Logon ID: 0x40e Member: Member Name: CN=jacob.hill,CN=Users,DC=contoso,DC=com Member ID: S-1-5-21-3623811015-3361044348-30300820-1027 Group: Group Name: Domain Admins Group Domain: CONTOSO Group ID: S-1-5-21-3623811015-3361044348-30300820-512 Additional Information: Privileges: -
Feb  8 04:39:08 DC02 Microsoft-Windows-Security-Auditing[4728]: A member was added to a security-enabled global group. Subject: Security ID: S-1-5-21-3623811015-3361044348-30300820-1026 Account Name: rachel.lopez Account Domain: CONTOSO Logon ID: 0x40f Member: Member Name: CN=samantha.scott,CN=Users,DC=contoso,DC=com Member ID: S-1-5-21-3623811015-3361044348-30300820-1028 Group: Group Name: Domain Admins Group Domain: CONTOSO Group ID: S-1-5-21-3623811015-3361044348-30300820-512 Additional Information: Privileges: -
Feb  8 04:39:21 DC01 Microsoft-Windows-Security-Auditing[4729]: A member was removed from a security-enabled global group. Subject: Security ID: S-1-5-21-3623811015-3361044348-30300820-1007 Account Name: robert.miller Account Domain: CONTOSO Logon ID: 0x410 Member: Member Name: CN=temporary.admin,CN=Users,DC=contoso,DC=com Member ID: S-1-5-21-3623811015-3361044348-30300820-1086 Group: Group Name: Domain Admins Group Domain: CONTOSO Group ID: S-1-5-21-3623811015-3361044348-30300820-512 Additional Information: Privileges: -
Feb  8 04:39:35 DC03 Microsoft-Windows-Security-Auditing[4728]: A member was added to a security-enabled global group. Subject: Security ID: S-1-5-21-3623811015-3361044348-30300820-1027 Account Name: jacob.hill Account Domain: CONTOSO Logon ID: 0x411 Member: Member Name: CN=nathan.green,CN=Users,DC=contoso,DC=com Member ID: S-1-5-21-3623811015-3361044348-30300820-1029 Group: Group Name: Domain Admins Group Domain: CONTOSO Group ID: S-1-5-21-3623811015-3361044348-30300820-512 Additional Information: Privileges: -
Feb  8 04:39:48 DC02 Microsoft-Windows-Security-Auditing[4728]: A member was added to a security-enabled global group. Subject: Security ID: S-1-5-21-3623811015-3361044348-30300820-1028 Account Name: samantha.scott Account Domain: CONTOSO Logon ID: 0x412 Member: Member Name: CN=heather.adams,CN=Users,DC=contoso,DC=com Member ID: S-1-5-21-3623811015-3361044348-30300820-1030 Group: Group Name: Domain Admins Group Domain: CONTOSO Group ID: S-1-5-21-3623811015-3361044348-30300820-512 Additional Information: Privileges: -
Feb  8 04:40:01 DC01 Microsoft-Windows-Security-Auditing[4729]: A member was removed from a security-enabled global group. Subject: Security ID: S-1-5-21-3623811015-3361044348-30300820-500 Account Name: Administrator Account Domain: CONTOSO Logon ID: 0x413 Member: Member Name: CN=consultant.admin,CN=Users,DC=contoso,DC=com Member ID: S-1-5-21-3623811015-3361044348-30300820-1085 Group: Group Name: Domain Admins Group Domain: CONTOSO Group ID: S-1-5-21-3623811015-3361044348-30300820-512 Additional Information: Privileges: -
Feb  8 04:40:15 DC03 Microsoft-Windows-Security-Auditing[4728]: A member was added to a security-enabled global group. Subject: Security ID: S-1-5-21-3623811015-3361044348-30300820-1029 Account Name: nathan.green Account Domain: CONTOSO Logon ID: 0x414 Member: Member Name: CN=aaron.baker,CN=Users,DC=contoso,DC=com Member ID: S-1-5-21-3623811015-3361044348-30300820-1031 Group: Group Name: Domain Admins Group Domain: CONTOSO Group ID: S-1-5-21-3623811015-3361044348-30300820-512 Additional Information: Privileges: -
Feb  8 04:40:28 DC02 Microsoft-Windows-Security-Auditing[4728]: A member was added to a security-enabled global group. Subject: Security ID: S-1-5-21-3623811015-3361044348-30300820-1030 Account Name: heather.adams Account Domain: CONTOSO Logon ID: 0x415 Member: Member Name: CN=crystal.gonzalez,CN=Users,DC=contoso,DC=com Member ID: S-1-5-21-3623811015-3361044348-30300820-1032 Group: Group Name: Domain Admins Group Domain: CONTOSO Group ID: S-1-5-21-3623811015-3361044348-30300820-512 Additional Information: Privileges: -
Feb  8 04:40:42 DC01 Microsoft-Windows-Security-Auditing[4729]: A member was removed from a security-enabled global group. Subject: Security ID: S-1-5-21-3623811015-3361044348-30300820-1008 Account Name: amy.garcia Account Domain: CONTOSO Logon ID: 0x416 Member: Member Name: CN=freelancer.admin,CN=Users,DC=contoso,DC=com Member ID: S-1-5-21-3623811015-3361044348-30300820-1084 Group: Group Name: Domain Admins Group Domain: CONTOSO Group ID: S-1-5-21-3623811015-3361044348-30300820-512 Additional Information: Privileges: -
Feb  8 04:40:55 DC03 Microsoft-Windows-Security-Auditing[4728]: A member was added to a security-enabled global group. Subject: Security ID: S-1-5-21-3623811015-3361044348-30300820-1031 Account Name: aaron.baker Account Domain: CONTOSO Logon ID: 0x417 Member: Member Name: CN=jeremy.nelson,CN=Users,DC=contoso,DC=com Member ID: S-1-5-21-3623811015-3361044348-30300820-1033 Group: Group Name: Domain Admins Group Domain: CONTOSO Group ID: S-1-5-21-3623811015-3361044348-30300820-512 Additional Information: Privileges: -
Feb  8 04:41:08 DC02 Microsoft-Windows-Security-Auditing[4728]: A member was added to a security-enabled global group. Subject: Security ID: S-1-5-21-3623811015-3361044348-30300820-1032 Account Name: crystal.gonzalez Account Domain: CONTOSO Logon ID: 0x418 Member: Member Name: CN=tiffany.carter,CN=Users,DC=contoso,DC=com Member ID: S-1-5-21-3623811015-3361044348-30300820-1034 Group: Group Name: Domain Admins Group Domain: CONTOSO Group ID: S-1-5-21-3623811015-3361044348-30300820-512 Additional Information: Privileges: -