Feb  8 04:30:15 DC01 Microsoft-Windows-Security-Auditing[4624]: An account was successfully logged on. Subject: Security ID: S-1-0-0 Account Name: - Account Domain: - Logon ID: 0x0 Logon Information: Logon Type: 10 Restricted Admin Mode: - Virtual Account: No Elevated Token: Yes Impersonation Level: - New Logon: Security ID: S-1-5-21-3623811015-3361044348-30300820-1001 Account Name: john.doe Account Domain: CONTOSO Logon ID: 0x12345 Logon GUID: {12345678-1234-5678-9012-123456789012} Process Information: Process ID: 0x4 Process Name: C:\Windows\System32\winlogon.exe Network Information: Workstation Name: NYC-WS01 Source Network Address: 192.168.1.100 Source Port: 0
Feb  8 04:35:22 DC02 Microsoft-Windows-Security-Auditing[4624]: An account was successfully logged on. Subject: Security ID: S-1-0-0 Account Name: - Account Domain: - Logon ID: 0x0 Logon Information: Logon Type: 10 Restricted Admin Mode: - Virtual Account: No Elevated Token: Yes Impersonation Level: - New Logon: Security ID: S-1-5-21-3623811015-3361044348-30300820-1001 Account Name: john.doe Account Domain: CONTOSO Logon ID: 0x12346 Logon GUID: {12345678-1234-5678-9012-123456789013} Process Information: Process ID: 0x4 Process Name: C:\Windows\System32\winlogon.exe Network Information: Workstation Name: TOKYO-WS01 Source Network Address: 203.0.113.50 Source Port: 0
Feb  8 04:31:18 DC01 Microsoft-Windows-Security-Auditing[4624]: An account was successfully logged on. Subject: Security ID: S-1-0-0 Account Name: - Account Domain: - Logon ID: 0x0 Logon Information: Logon Type: 3 Restricted Admin Mode: - Virtual Account: No Elevated Token: No Impersonation Level: - New Logon: Security ID: S-1-5-21-3623811015-3361044348-30300820-1002 Account Name: jane.smith Account Domain: CONTOSO Logon ID: 0x12347 Logon GUID: {12345678-1234-5678-9012-123456789014} Process Information: Process ID: 0x0 Process Name: - Network Information: Workstation Name: LONDON-SRV01 Source Network Address: 203.0.113.75 Source Port: 49152
Feb  8 04:33:45 DC03 Microsoft-Windows-Security-Auditing[4624]: An account was successfully logged on. Subject: Security ID: S-1-0-0 Account Name: - Account Domain: - Logon ID: 0x0 Logon Information: Logon Type: 3 Restricted Admin Mode: - Virtual Account: No Elevated Token: No Impersonation Level: - New Logon: Security ID: S-1-5-21-3623811015-3361044348-30300820-1002 Account Name: jane.smith Account Domain: CONTOSO Logon ID: 0x12348 Logon GUID: {12345678-1234-5678-9012-123456789015} Process Information: Process ID: 0x0 Process Name: - Network Information: Workstation Name: SYDNEY-SRV01 Source Network Address: 203.0.113.100 Source Port: 49153
Feb  8 04:32:30 DC02 Microsoft-Windows-Security-Auditing[4624]: An account was successfully logged on. Subject: Security ID: S-1-0-0 Account Name: - Account Domain: - Logon ID: 0x0 Logon Information: Logon Type: 10 Restricted Admin Mode: - Virtual Account: No Elevated Token: Yes Impersonation Level: - New Logon: Security ID: S-1-5-21-3623811015-3361044348-30300820-1003 Account Name: mike.johnson Account Domain: CONTOSO Logon ID: 0x12349 Logon GUID: {12345678-1234-5678-9012-123456789016} Process Information: Process ID: 0x4 Process Name: C:\Windows\System32\winlogon.exe Network Information: Workstation Name: PARIS-WS01 Source Network Address: 203.0.113.125 Source Port: 0
Feb  8 04:34:15 DC01 Microsoft-Windows-Security-Auditing[4624]: An account was successfully logged on. Subject: Security ID: S-1-0-0 Account Name: - Account Domain: - Logon ID: 0x0 Logon Information: Logon Type: 10 Restricted Admin Mode: - Virtual Account: No Elevated Token: Yes Impersonation Level: - New Logon: Security ID: S-1-5-21-3623811015-3361044348-30300820-1003 Account Name: mike.johnson Account Domain: CONTOSO Logon ID: 0x1234A Logon GUID: {12345678-1234-5678-9012-123456789017} Process Information: Process ID: 0x4 Process Name: C:\Windows\System32\winlogon.exe Network Information: Workstation Name: MUMBAI-WS01 Source Network Address: 203.0.113.150 Source Port: 0
Feb  8 04:33:12 DC03 Microsoft-Windows-Security-Auditing[4624]: An account was successfully logged on. Subject: Security ID: S-1-0-0 Account Name: - Account Domain: - Logon ID: 0x0 Logon Information: Logon Type: 3 Restricted Admin Mode: - Virtual Account: No Elevated Token: No Impersonation Level: - New Logon: Security ID: S-1-5-21-3623811015-3361044348-30300820-1004 Account Name: sarah.wilson Account Domain: CONTOSO Logon ID: 0x1234B Logon GUID: {12345678-1234-5678-9012-123456789018} Process Information: Process ID: 0x0 Process Name: - Network Information: Workstation Name: BERLIN-SRV01 Source Network Address: 203.0.113.175 Source Port: 49154
Feb  8 04:35:58 DC02 Microsoft-Windows-Security-Auditing[4624]: An account was successfully logged on. Subject: Security ID: S-1-0-0 Account Name: - Account Domain: - Logon ID: 0x0 Logon Information: Logon Type: 3 Restricted Admin Mode: - Virtual Account: No Elevated Token: No Impersonation Level: - New Logon: Security ID: S-1-5-21-3623811015-3361044348-30300820-1004 Account Name: sarah.wilson Account Domain: CONTOSO Logon ID: 0x1234C Logon GUID: {12345678-1234-5678-9012-123456789019} Process Information: Process ID: 0x0 Process Name: - Network Information: Workstation Name: SINGAPORE-SRV01 Source Network Address: 203.0.113.200 Source Port: 49155
Feb  8 04:34:42 DC01 Microsoft-Windows-Security-Auditing[4624]: An account was successfully logged on. Subject: Security ID: S-1-0-0 Account Name: - Account Domain: - Logon ID: 0x0 Logon Information: Logon Type: 10 Restricted Admin Mode: - Virtual Account: No Elevated Token: Yes Impersonation Level: - New Logon: Security ID: S-1-5-21-3623811015-3361044348-30300820-1005 Account Name: david.brown Account Domain: CONTOSO Logon ID: 0x1234D Logon GUID: {12345678-1234-5678-9012-123456789020} Process Information: Process ID: 0x4 Process Name: C:\Windows\System32\winlogon.exe Network Information: Workstation Name: MOSCOW-WS01 Source Network Address: 203.0.113.225 Source Port: 0
Feb  8 04:36:28 DC03 Microsoft-Windows-Security-Auditing[4624]: An account was successfully logged on. Subject: Security ID: S-1-0-0 Account Name: - Account Domain: - Logon ID: 0x0 Logon Information: Logon Type: 10 Restricted Admin Mode: - Virtual Account: No Elevated Token: Yes Impersonation Level: - New Logon: Security ID: S-1-5-21-3623811015-3361044348-30300820-1005 Account Name: david.brown Account Domain: CONTOSO Logon ID: 0x1234E Logon GUID: {12345678-1234-5678-9012-123456789021} Process Information: Process ID: 0x4 Process Name: C:\Windows\System32\winlogon.exe Network Information: Workstation Name: SAO-PAULO-WS01 Source Network Address: 203.0.114.25 Source Port: 0
Feb  8 04:35:15 DC02 Microsoft-Windows-Security-Auditing[4624]: An account was successfully logged on. Subject: Security ID: S-1-0-0 Account Name: - Account Domain: - Logon ID: 0x0 Logon Information: Logon Type: 3 Restricted Admin Mode: - Virtual Account: No Elevated Token: No Impersonation Level: - New Logon: Security ID: S-1-5-21-3623811015-3361044348-30300820-1006 Account Name: lisa.davis Account Domain: CONTOSO Logon ID: 0x1234F Logon GUID: {12345678-1234-5678-9012-123456789022} Process Information: Process ID: 0x0 Process Name: - Network Information: Workstation Name: DUBAI-SRV01 Source Network Address: 203.0.114.50 Source Port: 49156
Feb  8 04:37:03 DC01 Microsoft-Windows-Security-Auditing[4624]: An account was successfully logged on. Subject: Security ID: S-1-0-0 Account Name: - Account Domain: - Logon ID: 0x0 Logon Information: Logon Type: 3 Restricted Admin Mode: - Virtual Account: No Elevated Token: No Impersonation Level: - New Logon: Security ID: S-1-5-21-3623811015-3361044348-30300820-1006 Account Name: lisa.davis Account Domain: CONTOSO Logon ID: 0x12350 Logon GUID: {12345678-1234-5678-9012-123456789023} Process Information: Process ID: 0x0 Process Name: - Network Information: Workstation Name: TORONTO-SRV01 Source Network Address: 203.0.114.75 Source Port: 49157
Feb  8 04:36:08 DC03 Microsoft-Windows-Security-Auditing[4624]: An account was successfully logged on. Subject: Security ID: S-1-0-0 Account Name: - Account Domain: - Logon ID: 0x0 Logon Information: Logon Type: 10 Restricted Admin Mode: - Virtual Account: No Elevated Token: Yes Impersonation Level: - New Logon: Security ID: S-1-5-21-3623811015-3361044348-30300820-1007 Account Name: robert.miller Account Domain: CONTOSO Logon ID: 0x12351 Logon GUID: {12345678-1234-5678-9012-123456789024} Process Information: Process ID: 0x4 Process Name: C:\Windows\System32\winlogon.exe Network Information: Workstation Name: STOCKHOLM-WS01 Source Network Address: 203.0.114.100 Source Port: 0
Feb  8 04:37:55 DC02 Microsoft-Windows-Security-Auditing[4624]: An account was successfully logged on. Subject: Security ID: S-1-0-0 Account Name: - Account Domain: - Logon ID: 0x0 Logon Information: Logon Type: 10 Restricted Admin Mode: - Virtual Account: No Elevated Token: Yes Impersonation Level: - New Logon: Security ID: S-1-5-21-3623811015-3361044348-30300820-1007 Account Name: robert.miller Account Domain: CONTOSO Logon ID: 0x12352 Logon GUID: {12345678-1234-5678-9012-123456789025} Process Information: Process ID: 0x4 Process Name: C:\Windows\System32\winlogon.exe Network Information: Workstation Name: CAPE-TOWN-WS01 Source Network Address: 203.0.114.125 Source Port: 0
Feb  8 04:36:52 DC01 Microsoft-Windows-Security-Auditing[4624]: An account was successfully logged on. Subject: Security ID: S-1-0-0 Account Name: - Account Domain: - Logon ID: 0x0 Logon Information: Logon Type: 3 Restricted Admin Mode: - Virtual Account: No Elevated Token: No Impersonation Level: - New Logon: Security ID: S-1-5-21-3623811015-3361044348-30300820-1008 Account Name: amy.garcia Account Domain: CONTOSO Logon ID: 0x12353 Logon GUID: {12345678-1234-5678-9012-123456789026} Process Information: Process ID: 0x0 Process Name: - Network Information: Workstation Name: MADRID-SRV01 Source Network Address: 203.0.114.150 Source Port: 49158
Feb  8 04:38:38 DC03 Microsoft-Windows-Security-Auditing[4624]: An account was successfully logged on. Subject: Security ID: S-1-0-0 Account Name: - Account Domain: - Logon ID: 0x0 Logon Information: Logon Type: 3 Restricted Admin Mode: - Virtual Account: No Elevated Token: No Impersonation Level: - New Logon: Security ID: S-1-5-21-3623811015-3361044348-30300820-1008 Account Name: amy.garcia Account Domain: CONTOSO Logon ID: 0x12354 Logon GUID: {12345678-1234-5678-9012-123456789027} Process Information: Process ID: 0x0 Process Name: - Network Information: Workstation Name: BANGKOK-SRV01 Source Network Address: 203.0.114.175 Source Port: 49159
Feb  8 04:37:25 DC02 Microsoft-Windows-Security-Auditing[4624]: An account was successfully logged on. Subject: Security ID: S-1-0-0 Account Name: - Account Domain: - Logon ID: 0x0 Logon Information: Logon Type: 10 Restricted Admin Mode: - Virtual Account: No Elevated Token: Yes Impersonation Level: - New Logon: Security ID: S-1-5-21-3623811015-3361044348-30300820-1009 Account Name: kevin.martinez Account Domain: CONTOSO Logon ID: 0x12355 Logon GUID: {12345678-1234-5678-9012-123456789028} Process Information: Process ID: 0x4 Process Name: C:\Windows\System32\winlogon.exe Network Information: Workstation Name: ROME-WS01 Source Network Address: 203.0.114.200 Source Port: 0
Feb  8 04:39:12 DC01 Microsoft-Windows-Security-Auditing[4624]: An account was successfully logged on. Subject: Security ID: S-1-0-0 Account Name: - Account Domain: - Logon ID: 0x0 Logon Information: Logon Type: 10 Restricted Admin Mode: - Virtual Account: No Elevated Token: Yes Impersonation Level: - New Logon: Security ID: S-1-5-21-3623811015-3361044348-30300820-1009 Account Name: kevin.martinez Account Domain: CONTOSO Logon ID: 0x12356 Logon GUID: {12345678-1234-5678-9012-123456789029} Process Information: Process ID: 0x4 Process Name: C:\Windows\System32\winlogon.exe Network Information: Workstation Name: SEOUL-WS01 Source Network Address: 203.0.114.225 Source Port: 0
Feb  8 04:38:18 DC03 Microsoft-Windows-Security-Auditing[4624]: An account was successfully logged on. Subject: Security ID: S-1-0-0 Account Name: - Account Domain: - Logon ID: 0x0 Logon Information: Logon Type: 3 Restricted Admin Mode: - Virtual Account: No Elevated Token: No Impersonation Level: - New Logon: Security ID: S-1-5-21-3623811015-3361044348-30300820-1010 Account Name: jennifer.anderson Account Domain: CONTOSO Logon ID: 0x12357 Logon GUID: {12345678-1234-5678-9012-123456789030} Process Information: Process ID: 0x0 Process Name: - Network Information: Workstation Name: AMSTERDAM-SRV01 Source Network Address: 203.0.115.25 Source Port: 49160
Feb  8 04:40:05 DC02 Microsoft-Windows-Security-Auditing[4624]: An account was successfully logged on. Subject: Security ID: S-1-0-0 Account Name: - Account Domain: - Logon ID: 0x0 Logon Information: Logon Type: 3 Restricted Admin Mode: - Virtual Account: No Elevated Token: No Impersonation Level: - New Logon: Security ID: S-1-5-21-3623811015-3361044348-30300820-1010 Account Name: jennifer.anderson Account Domain: CONTOSO Logon ID: 0x12358 Logon GUID: {12345678-1234-5678-9012-123456789031} Process Information: Process ID: 0x0 Process Name: - Network Information: Workstation Name: MELBOURNE-SRV01 Source Network Address: 203.0.115.50 Source Port: 49161
Feb  8 04:38:55 DC01 Microsoft-Windows-Security-Auditing[4624]: An account was successfully logged on. Subject: Security ID: S-1-0-0 Account Name: - Account Domain: - Logon ID: 0x0 Logon Information: Logon Type: 10 Restricted Admin Mode: - Virtual Account: No Elevated Token: Yes Impersonation Level: - New Logon: Security ID: S-1-5-21-3623811015-3361044348-30300820-1011 Account Name: chris.taylor Account Domain: CONTOSO Logon ID: 0x12359 Logon GUID: {12345678-1234-5678-9012-123456789032} Process Information: Process ID: 0x4 Process Name: C:\Windows\System32\winlogon.exe Network Information: Workstation Name: VIENNA-WS01 Source Network Address: 203.0.115.75 Source Port: 0
Feb  8 04:40:42 DC03 Microsoft-Windows-Security-Auditing[4624]: An account was successfully logged on. Subject: Security ID: S-1-0-0 Account Name: - Account Domain: - Logon ID: 0x0 Logon Information: Logon Type: 10 Restricted Admin Mode: - Virtual Account: No Elevated Token: Yes Impersonation Level: - New Logon: Security ID: S-1-5-21-3623811015-3361044348-30300820-1011 Account Name: chris.taylor Account Domain: CONTOSO Logon ID: 0x1235A Logon GUID: {12345678-1234-5678-9012-123456789033} Process Information: Process ID: 0x4 Process Name: C:\Windows\System32\winlogon.exe Network Information: Workstation Name: HONG-KONG-WS01 Source Network Address: 203.0.115.100 Source Port: 0
Feb  8 04:39:28 DC02 Microsoft-Windows-Security-Auditing[4624]: An account was successfully logged on. Subject: Security ID: S-1-0-0 Account Name: - Account Domain: - Logon ID: 0x0 Logon Information: Logon Type: 3 Restricted Admin Mode: - Virtual Account: No Elevated Token: No Impersonation Level: - New Logon: Security ID: S-1-5-21-3623811015-3361044348-30300820-1012 Account Name: michelle.thomas Account Domain: CONTOSO Logon ID: 0x1235B Logon GUID: {12345678-1234-5678-9012-123456789034} Process Information: Process ID: 0x0 Process Name: - Network Information: Workstation Name: ZURICH-SRV01 Source Network Address: 203.0.115.125 Source Port: 49162
Feb  8 04:41:15 DC01 Microsoft-Windows-Security-Auditing[4624]: An account was successfully logged on. Subject: Security ID: S-1-0-0 Account Name: - Account Domain: - Logon ID: 0x0 Logon Information: Logon Type: 3 Restricted Admin Mode: - Virtual Account: No Elevated Token: No Impersonation Level: - New Logon: Security ID: S-1-5-21-3623811015-3361044348-30300820-1012 Account Name: michelle.thomas Account Domain: CONTOSO Logon ID: 0x1235C Logon GUID: {12345678-1234-5678-9012-123456789035} Process Information: Process ID: 0x0 Process Name: - Network Information: Workstation Name: VANCOUVER-SRV01 Source Network Address: 203.0.115.150 Source Port: 49163
Feb  8 04:40:08 DC03 Microsoft-Windows-Security-Auditing[4624]: An account was successfully logged on. Subject: Security ID: S-1-0-0 Account Name: - Account Domain: - Logon ID: 0x0 Logon Information: Logon Type: 10 Restricted Admin Mode: - Virtual Account: No Elevated Token: Yes Impersonation Level: - New Logon: Security ID: S-1-5-21-3623811015-3361044348-30300820-1013 Account Name: daniel.jackson Account Domain: CONTOSO Logon ID: 0x1235D Logon GUID: {12345678-1234-5678-9012-123456789036} Process Information: Process ID: 0x4 Process Name: C:\Windows\System32\winlogon.exe Network Information: Workstation Name: BRUSSELS-WS01 Source Network Address: 203.0.115.175 Source Port: 0
Feb  8 04:41:55 DC02 Microsoft-Windows-Security-Auditing[4624]: An account was successfully logged on. Subject: Security ID: S-1-0-0 Account Name: - Account Domain: - Logon ID: 0x0 Logon Information: Logon Type: 10 Restricted Admin Mode: - Virtual Account: No Elevated Token: Yes Impersonation Level: - New Logon: Security ID: S-1-5-21-3623811015-3361044348-30300820-1013 Account Name: daniel.jackson Account Domain: CONTOSO Logon ID: 0x1235E Logon GUID: {12345678-1234-5678-9012-123456789037} Process Information: Process ID: 0x4 Process Name: C:\Windows\System32\winlogon.exe Network Information: Workstation Name: SANTIAGO-WS01 Source Network Address: 203.0.115.200 Source Port: 0
Feb  8 04:40:45 DC01 Microsoft-Windows-Security-Auditing[4624]: An account was successfully logged on. Subject: Security ID: S-1-0-0 Account Name: - Account Domain: - Logon ID: 0x0 Logon Information: Logon Type: 3 Restricted Admin Mode: - Virtual Account: No Elevated Token: No Impersonation Level: - New Logon: Security ID: S-1-5-21-3623811015-3361044348-30300820-1014 Account Name: ashley.white Account Domain: CONTOSO Logon ID: 0x1235F Logon GUID: {12345678-1234-5678-9012-123456789038} Process Information: Process ID: 0x0 Process Name: - Network Information: Workstation Name: OSLO-SRV01 Source Network Address: 203.0.115.225 Source Port: 49164
Feb  8 04:42:32 DC03 Microsoft-Windows-Security-Auditing[4624]: An account was successfully logged on. Subject: Security ID: S-1-0-0 Account Name: - Account Domain: - Logon ID: 0x0 Logon Information: Logon Type: 3 Restricted Admin Mode: - Virtual Account: No Elevated Token: No Impersonation Level: - New Logon: Security ID: S-1-5-21-3623811015-3361044348-30300820-1014 Account Name: ashley.white Account Domain: CONTOSO Logon ID: 0x12360 Logon GUID: {12345678-1234-5678-9012-123456789039} Process Information: Process ID: 0x0 Process Name: - Network Information: Workstation Name: MANILA-SRV01 Source Network Address: 203.0.116.25 Source Port: 49165
Feb  8 04:41:18 DC02 Microsoft-Windows-Security-Auditing[4624]: An account was successfully logged on. Subject: Security ID: S-1-0-0 Account Name: - Account Domain: - Logon ID: 0x0 Logon Information: Logon Type: 10 Restricted Admin Mode: - Virtual Account: No Elevated Token: Yes Impersonation Level: - New Logon: Security ID: S-1-5-21-3623811015-3361044348-30300820-1015 Account Name: matthew.harris Account Domain: CONTOSO Logon ID: 0x12361 Logon GUID: {12345678-1234-5678-9012-123456789040} Process Information: Process ID: 0x4 Process Name: C:\Windows\System32\winlogon.exe Network Information: Workstation Name: HELSINKI-WS01 Source Network Address: 203.0.116.50 Source Port: 0
Feb  8 04:43:05 DC01 Microsoft-Windows-Security-Auditing[4624]: An account was successfully logged on. Subject: Security ID: S-1-0-0 Account Name: - Account Domain: - Logon ID: 0x0 Logon Information: Logon Type: 10 Restricted Admin Mode: - Virtual Account: No Elevated Token: Yes Impersonation Level: - New Logon: Security ID: S-1-5-21-3623811015-3361044348-30300820-1015 Account Name: matthew.harris Account Domain: CONTOSO Logon ID: 0x12362 Logon GUID: {12345678-1234-5678-9012-123456789041} Process Information: Process ID: 0x4 Process Name: C:\Windows\System32\winlogon.exe Network Information: Workstation Name: JAKARTA-WS01 Source Network Address: 203.0.116.75 Source Port: 0
Feb  8 04:41:52 DC03 Microsoft-Windows-Security-Auditing[4624]: An account was successfully logged on. Subject: Security ID: S-1-0-0 Account Name: - Account Domain: - Logon ID: 0x0 Logon Information: Logon Type: 3 Restricted Admin Mode: - Virtual Account: No Elevated Token: No Impersonation Level: - New Logon: Security ID: S-1-5-21-3623811015-3361044348-30300820-1016 Account Name: stephanie.clark Account Domain: CONTOSO Logon ID: 0x12363 Logon GUID: {12345678-1234-5678-9012-123456789042} Process Information: Process ID: 0x0 Process Name: - Network Information: Workstation Name: COPENHAGEN-SRV01 Source Network Address: 203.0.116.100 Source Port: 49166
Feb  8 04:43:38 DC02 Microsoft-Windows-Security-Auditing[4624]: An account was successfully logged on. Subject: Security ID: S-1-0-0 Account Name: - Account Domain: - Logon ID: 0x0 Logon Information: Logon Type: 3 Restricted Admin Mode: - Virtual Account: No Elevated Token: No Impersonation Level: - New Logon: Security ID: S-1-5-21-3623811015-3361044348-30300820-1016 Account Name: stephanie.clark Account Domain: CONTOSO Logon ID: 0x12364 Logon GUID: {12345678-1234-5678-9012-123456789043} Process Information: Process ID: 0x0 Process Name: - Network Information: Workstation Name: KUALA-LUMPUR-SRV01 Source Network Address: 203.0.116.125 Source Port: 49167
Feb  8 04:42:25 DC01 Microsoft-Windows-Security-Auditing[4624]: An account was successfully logged on. Subject: Security ID: S-1-0-0 Account Name: - Account Domain: - Logon ID: 0x0 Logon Information: Logon Type: 10 Restricted Admin Mode: - Virtual Account: No Elevated Token: Yes Impersonation Level: - New Logon: Security ID: S-1-5-21-3623811015-3361044348-30300820-1017 Account Name: andrew.lewis Account Domain: CONTOSO Logon ID: 0x12365 Logon GUID: {12345678-1234-5678-9012-123456789044} Process Information: Process ID: 0x4 Process Name: C:\Windows\System32\winlogon.exe Network Information: Workstation Name: DUBLIN-WS01 Source Network Address: 203.0.116.150 Source Port: 0
Feb  8 04:44:12 DC03 Microsoft-Windows-Security-Auditing[4624]: An account was successfully logged on. Subject: Security ID: S-1-0-0 Account Name: - Account Domain: - Logon ID: 0x0 Logon Information: Logon Type: 10 Restricted Admin Mode: - Virtual Account: No Elevated Token: Yes Impersonation Level: - New Logon: Security ID: S-1-5-21-3623811015-3361044348-30300820-1017 Account Name: andrew.lewis Account Domain: CONTOSO Logon ID: 0x12366 Logon GUID: {12345678-1234-5678-9012-123456789045} Process Information: Process ID: 0x4 Process Name: C:\Windows\System32\winlogon.exe Network Information: Workstation Name: CAIRO-WS01 Source Network Address: 203.0.116.175 Source Port: 0
Feb  8 04:43:08 DC02 Microsoft-Windows-Security-Auditing[4624]: An account was successfully logged on. Subject: Security ID: S-1-0-0 Account Name: - Account Domain: - Logon ID: 0x0 Logon Information: Logon Type: 3 Restricted Admin Mode: - Virtual Account: No Elevated Token: No Impersonation Level: - New Logon: Security ID: S-1-5-21-3623811015-3361044348-30300820-1018 Account Name: kimberly.robinson Account Domain: CONTOSO Logon ID: 0x12367 Logon GUID: {12345678-1234-5678-9012-123456789046} Process Information: Process ID: 0x0 Process Name: - Network Information: Workstation Name: LISBON-SRV01 Source Network Address: 203.0.116.200 Source Port: 49168
Feb  8 04:44:55 DC01 Microsoft-Windows-Security-Auditing[4624]: An account was successfully logged on. Subject: Security ID: S-1-0-0 Account Name: - Account Domain: - Logon ID: 0x0 Logon Information: Logon Type: 3 Restricted Admin Mode: - Virtual Account: No Elevated Token: No Impersonation Level: - New Logon: Security ID: S-1-5-21-3623811015-3361044348-30300820-1018 Account Name: kimberly.robinson Account Domain: CONTOSO Logon ID: 0x12368 Logon GUID: {12345678-1234-5678-9012-123456789047} Process Information: Process ID: 0x0 Process Name: - Network Information: Workstation Name: PERTH-SRV01 Source Network Address: 203.0.116.225 Source Port: 49169
Feb  8 04:43:42 DC03 Microsoft-Windows-Security-Auditing[4624]: An account was successfully logged on. Subject: Security ID: S-1-0-0 Account Name: - Account Domain: - Logon ID: 0x0 Logon Information: Logon Type: 10 Restricted Admin Mode: - Virtual Account: No Elevated Token: Yes Impersonation Level: - New Logon: Security ID: S-1-5-21-3623811015-3361044348-30300820-1019 Account Name: joshua.walker Account Domain: CONTOSO Logon ID: 0x12369 Logon GUID: {12345678-1234-5678-9012-123456789048} Process Information: Process ID: 0x4 Process Name: C:\Windows\System32\winlogon.exe Network Information: Workstation Name: ATHENS-WS01 Source Network Address: 203.0.117.25 Source Port: 0
Feb  8 04:45:28 DC02 Microsoft-Windows-Security-Auditing[4624]: An account was successfully logged on. Subject: Security ID: S-1-0-0 Account Name: - Account Domain: - Logon ID: 0x0 Logon Information: Logon Type: 10 Restricted Admin Mode: - Virtual Account: No Elevated Token: Yes Impersonation Level: - New Logon: Security ID: S-1-5-21-3623811015-3361044348-30300820-1019 Account Name: joshua.walker Account Domain: CONTOSO Logon ID: 0x1236A Logon GUID: {12345678-1234-5678-9012-123456789049} Process Information: Process ID: 0x4 Process Name: C:\Windows\System32\winlogon.exe Network Information: Workstation Name: NAIROBI-WS01 Source Network Address: 203.0.117.50 Source Port: 0
Feb  8 04:44:15 DC01 Microsoft-Windows-Security-Auditing[4624]: An account was successfully logged on. Subject: Security ID: S-1-0-0 Account Name: - Account Domain: - Logon ID: 0x0 Logon Information: Logon Type: 3 Restricted Admin Mode: - Virtual Account: No Elevated Token: No Impersonation Level: - New Logon: Security ID: S-1-5-21-3623811015-3361044348-30300820-1020 Account Name: amanda.hall Account Domain: CONTOSO Logon ID: 0x1236B Logon GUID: {12345678-1234-5678-9012-123456789050} Process Information: Process ID: 0x0 Process Name: - Network Information: Workstation Name: WARSAW-SRV01 Source Network Address: 203.0.117.75 Source Port: 49170
Feb  8 04:46:02 DC03 Microsoft-Windows-Security-Auditing[4624]: An account was successfully logged on. Subject: Security ID: S-1-0-0 Account Name: - Account Domain: - Logon ID: 0x0 Logon Information: Logon Type: 3 Restricted Admin Mode: - Virtual Account: No Elevated Token: No Impersonation Level: - New Logon: Security ID: S-1-5-21-3623811015-3361044348-30300820-1020 Account Name: amanda.hall Account Domain: CONTOSO Logon ID: 0x1236C Logon GUID: {12345678-1234-5678-9012-123456789051} Process Information: Process ID: 0x0 Process Name: - Network Information: Workstation Name: LAGOS-SRV01 Source Network Address: 203.0.117.100 Source Port: 49171