Feb  8 04:30:15 DC01 Microsoft-Windows-Security-Auditing[4624]: An account was successfully logged on. Subject: Security ID: S-1-0-0 Account Name: - Account Domain: - Logon ID: 0x0 Logon Information: Logon Type: 10 Restricted Admin Mode: - Virtual Account: No Elevated Token: Yes Impersonation Level: - New Logon: Security ID: S-1-5-21-3623811015-3361044348-30300820-1001 Account Name: john.doe Account Domain: CONTOSO Logon ID: 0x12345 Logon GUID: {12345678-1234-5678-9012-123456789012} Process Information: Process ID: 0x4 Process Name: C:\Windows\System32\winlogon.exe Network Information: Workstation Name: UNKNOWN-WS01 Source Network Address: 203.0.113.25 Source Port: 0 Additional Information: User-Agent: Mozilla/5.0 (Windows NT 10.0; Win64; x64) AppleWebKit/537.36 (KHTML, like Gecko) Chrome/120.0.0.0 Safari/537.36 Location: Beijing, China (New)
Feb  8 04:30:28 DC02 Microsoft-Windows-Security-Auditing[4624]: An account was successfully logged on. Subject: Security ID: S-1-0-0 Account Name: - Account Domain: - Logon ID: 0x0 Logon Information: Logon Type: 3 Restricted Admin Mode: - Virtual Account: No Elevated Token: No Impersonation Level: - New Logon: Security ID: S-1-5-21-3623811015-3361044348-30300820-1002 Account Name: jane.smith Account Domain: CONTOSO Logon ID: 0x12346 Logon GUID: {12345678-1234-5678-9012-123456789013} Process Information: Process ID: 0x0 Process Name: - Network Information: Workstation Name: REMOTE-ACCESS-01 Source Network Address: 198.51.100.45 Source Port: 49152 Additional Information: User-Agent: curl/7.68.0 Location: Moscow, Russia (New)
Feb  8 04:30:42 DC01 Microsoft-Windows-Security-Auditing[4624]: An account was successfully logged on. Subject: Security ID: S-1-0-0 Account Name: - Account Domain: - Logon ID: 0x0 Logon Information: Logon Type: 10 Restricted Admin Mode: - Virtual Account: No Elevated Token: Yes Impersonation Level: - New Logon: Security ID: S-1-5-21-3623811015-3361044348-30300820-1003 Account Name: mike.johnson Account Domain: CONTOSO Logon ID: 0x12347 Logon GUID: {12345678-1234-5678-9012-123456789014} Process Information: Process ID: 0x4 Process Name: C:\Windows\System32\winlogon.exe Network Information: Workstation Name: LAPTOP-UNKNOWN Source Network Address: 192.0.2.78 Source Port: 0 Additional Information: User-Agent: Mozilla/5.0 (Macintosh; Intel Mac OS X 10_15_7) AppleWebKit/537.36 Location: São Paulo, Brazil (New)
Feb  8 04:30:55 DC03 Microsoft-Windows-Security-Auditing[4624]: An account was successfully logged on. Subject: Security ID: S-1-0-0 Account Name: - Account Domain: - Logon ID: 0x0 Logon Information: Logon Type: 3 Restricted Admin Mode: - Virtual Account: No Elevated Token: No Impersonation Level: - New Logon: Security ID: S-1-5-21-3623811015-3361044348-30300820-1004 Account Name: sarah.wilson Account Domain: CONTOSO Logon ID: 0x12348 Logon GUID: {12345678-1234-5678-9012-123456789015} Process Information: Process ID: 0x0 Process Name: - Network Information: Workstation Name: MOBILE-DEVICE-01 Source Network Address: 203.0.113.156 Source Port: 49153 Additional Information: User-Agent: Mozilla/5.0 (iPhone; CPU iPhone OS 17_0 like Mac OS X) AppleWebKit/605.1.15 Location: Mumbai, India (New)
Feb  8 04:31:08 DC02 Microsoft-Windows-Security-Auditing[4624]: An account was successfully logged on. Subject: Security ID: S-1-0-0 Account Name: - Account Domain: - Logon ID: 0x0 Logon Information: Logon Type: 10 Restricted Admin Mode: - Virtual Account: No Elevated Token: Yes Impersonation Level: - New Logon: Security ID: S-1-5-21-3623811015-3361044348-30300820-1005 Account Name: david.brown Account Domain: CONTOSO Logon ID: 0x12349 Logon GUID: {12345678-1234-5678-9012-123456789016} Process Information: Process ID: 0x4 Process Name: C:\Windows\System32\winlogon.exe Network Information: Workstation Name: TEMP-WORKSTATION Source Network Address: 198.51.100.89 Source Port: 0 Additional Information: User-Agent: Mozilla/5.0 (X11; Linux x86_64) AppleWebKit/537.36 Location: Lagos, Nigeria (New)
Feb  8 04:31:21 DC01 Microsoft-Windows-Security-Auditing[4624]: An account was successfully logged on. Subject: Security ID: S-1-0-0 Account Name: - Account Domain: - Logon ID: 0x0 Logon Information: Logon Type: 3 Restricted Admin Mode: - Virtual Account: No Elevated Token: No Impersonation Level: - New Logon: Security ID: S-1-5-21-3623811015-3361044348-30300820-1006 Account Name: lisa.davis Account Domain: CONTOSO Logon ID: 0x1234A Logon GUID: {12345678-1234-5678-9012-123456789017} Process Information: Process ID: 0x0 Process Name: - Network Information: Workstation Name: VPN-CLIENT-01 Source Network Address: 192.0.2.134 Source Port: 49154 Additional Information: User-Agent: Python-requests/2.28.1 Location: Cairo, Egypt (New)
Feb  8 04:31:35 DC03 Microsoft-Windows-Security-Auditing[4624]: An account was successfully logged on. Subject: Security ID: S-1-0-0 Account Name: - Account Domain: - Logon ID: 0x0 Logon Information: Logon Type: 10 Restricted Admin Mode: - Virtual Account: No Elevated Token: Yes Impersonation Level: - New Logon: Security ID: S-1-5-21-3623811015-3361044348-30300820-1007 Account Name: robert.miller Account Domain: CONTOSO Logon ID: 0x1234B Logon GUID: {12345678-1234-5678-9012-123456789018} Process Information: Process ID: 0x4 Process Name: C:\Windows\System32\winlogon.exe Network Information: Workstation Name: HOTEL-BUSINESS-PC Source Network Address: 203.0.113.67 Source Port: 0 Additional Information: User-Agent: Mozilla/5.0 (Windows NT 10.0; Win64; x64; rv:109.0) Gecko/20100101 Firefox/121.0 Location: Bangkok, Thailand (New)
Feb  8 04:31:48 DC02 Microsoft-Windows-Security-Auditing[4624]: An account was successfully logged on. Subject: Security ID: S-1-0-0 Account Name: - Account Domain: - Logon ID: 0x0 Logon Information: Logon Type: 3 Restricted Admin Mode: - Virtual Account: No Elevated Token: No Impersonation Level: - New Logon: Security ID: S-1-5-21-3623811015-3361044348-30300820-1008 Account Name: amy.garcia Account Domain: CONTOSO Logon ID: 0x1234C Logon GUID: {12345678-1234-5678-9012-123456789019} Process Information: Process ID: 0x0 Process Name: - Network Information: Workstation Name: COFFEE-SHOP-WIFI Source Network Address: 198.51.100.123 Source Port: 49155 Additional Information: User-Agent: Mozilla/5.0 (Android 14; Mobile; rv:121.0) Gecko/121.0 Firefox/121.0 Location: Nairobi, Kenya (New)
Feb  8 04:32:01 DC01 Microsoft-Windows-Security-Auditing[4624]: An account was successfully logged on. Subject: Security ID: S-1-0-0 Account Name: - Account Domain: - Logon ID: 0x0 Logon Information: Logon Type: 10 Restricted Admin Mode: - Virtual Account: No Elevated Token: Yes Impersonation Level: - New Logon: Security ID: S-1-5-21-3623811015-3361044348-30300820-1009 Account Name: kevin.martinez Account Domain: CONTOSO Logon ID: 0x1234D Logon GUID: {12345678-1234-5678-9012-123456789020} Process Information: Process ID: 0x4 Process Name: C:\Windows\System32\winlogon.exe Network Information: Workstation Name: AIRPORT-TERMINAL Source Network Address: 192.0.2.201 Source Port: 0 Additional Information: User-Agent: Mozilla/5.0 (Macintosh; Intel Mac OS X 10_15_7) AppleWebKit/605.1.15 (KHTML, like Gecko) Version/17.2 Safari/605.1.15 Location: Buenos Aires, Argentina (New)
Feb  8 04:32:15 DC03 Microsoft-Windows-Security-Auditing[4624]: An account was successfully logged on. Subject: Security ID: S-1-0-0 Account Name: - Account Domain: - Logon ID: 0x0 Logon Information: Logon Type: 3 Restricted Admin Mode: - Virtual Account: No Elevated Token: No Impersonation Level: - New Logon: Security ID: S-1-5-21-3623811015-3361044348-30300820-1010 Account Name: jennifer.anderson Account Domain: CONTOSO Logon ID: 0x1234E Logon GUID: {12345678-1234-5678-9012-123456789021} Process Information: Process ID: 0x0 Process Name: - Network Information: Workstation Name: LIBRARY-PUBLIC-PC Source Network Address: 203.0.113.89 Source Port: 49156 Additional Information: User-Agent: Mozilla/5.0 (Windows NT 10.0; Win64; x64) AppleWebKit/537.36 (KHTML, like Gecko) Edge/120.0.0.0 Safari/537.36 Location: Jakarta, Indonesia (New)
Feb  8 04:32:28 DC02 Microsoft-Windows-Security-Auditing[4624]: An account was successfully logged on. Subject: Security ID: S-1-0-0 Account Name: - Account Domain: - Logon ID: 0x0 Logon Information: Logon Type: 10 Restricted Admin Mode: - Virtual Account: No Elevated Token: Yes Impersonation Level: - New Logon: Security ID: S-1-5-21-3623811015-3361044348-30300820-1011 Account Name: chris.taylor Account Domain: CONTOSO Logon ID: 0x1234F Logon GUID: {12345678-1234-5678-9012-123456789022} Process Information: Process ID: 0x4 Process Name: C:\Windows\System32\winlogon.exe Network Information: Workstation Name: COWORKING-SPACE-01 Source Network Address: 198.51.100.167 Source Port: 0 Additional Information: User-Agent: Mozilla/5.0 (X11; Ubuntu; Linux x86_64; rv:121.0) Gecko/20100101 Firefox/121.0 Location: Melbourne, Australia (New)
Feb  8 04:32:42 DC01 Microsoft-Windows-Security-Auditing[4624]: An account was successfully logged on. Subject: Security ID: S-1-0-0 Account Name: - Account Domain: - Logon ID: 0x0 Logon Information: Logon Type: 3 Restricted Admin Mode: - Virtual Account: No Elevated Token: No Impersonation Level: - New Logon: Security ID: S-1-5-21-3623811015-3361044348-30300820-1012 Account Name: michelle.thomas Account Domain: CONTOSO Logon ID: 0x12350 Logon GUID: {12345678-1234-5678-9012-123456789023} Process Information: Process ID: 0x0 Process Name: - Network Information: Workstation Name: HOTEL-LOBBY-KIOSK Source Network Address: 192.0.2.245 Source Port: 49157 Additional Information: User-Agent: Mozilla/5.0 (iPad; CPU OS 17_2 like Mac OS X) AppleWebKit/605.1.15 Location: Dubai, UAE (New)
Feb  8 04:32:55 DC03 Microsoft-Windows-Security-Auditing[4624]: An account was successfully logged on. Subject: Security ID: S-1-0-0 Account Name: - Account Domain: - Logon ID: 0x0 Logon Information: Logon Type: 10 Restricted Admin Mode: - Virtual Account: No Elevated Token: Yes Impersonation Level: - New Logon: Security ID: S-1-5-21-3623811015-3361044348-30300820-1013 Account Name: daniel.jackson Account Domain: CONTOSO Logon ID: 0x12351 Logon GUID: {12345678-1234-5678-9012-123456789024} Process Information: Process ID: 0x4 Process Name: C:\Windows\System32\winlogon.exe Network Information: Workstation Name: CONFERENCE-ROOM-PC Source Network Address: 203.0.113.178 Source Port: 0 Additional Information: User-Agent: Mozilla/5.0 (Windows NT 10.0; Win64; x64) AppleWebKit/537.36 (KHTML, like Gecko) Chrome/120.0.0.0 Safari/537.36 Edg/120.0.0.0 Location: Stockholm, Sweden (New)
Feb  8 04:33:08 DC02 Microsoft-Windows-Security-Auditing[4624]: An account was successfully logged on. Subject: Security ID: S-1-0-0 Account Name: - Account Domain: - Logon ID: 0x0 Logon Information: Logon Type: 3 Restricted Admin Mode: - Virtual Account: No Elevated Token: No Impersonation Level: - New Logon: Security ID: S-1-5-21-3623811015-3361044348-30300820-1014 Account Name: ashley.white Account Domain: CONTOSO Logon ID: 0x12352 Logon GUID: {12345678-1234-5678-9012-123456789025} Process Information: Process ID: 0x0 Process Name: - Network Information: Workstation Name: INTERNET-CAFE-01 Source Network Address: 198.51.100.234 Source Port: 49158 Additional Information: User-Agent: Mozilla/5.0 (Windows NT 10.0; Win64; x64) AppleWebKit/537.36 (KHTML, like Gecko) Chrome/120.0.0.0 Safari/537.36 Location: Seoul, South Korea (New)
Feb  8 04:33:21 DC01 Microsoft-Windows-Security-Auditing[4624]: An account was successfully logged on. Subject: Security ID: S-1-0-0 Account Name: - Account Domain: - Logon ID: 0x0 Logon Information: Logon Type: 10 Restricted Admin Mode: - Virtual Account: No Elevated Token: Yes Impersonation Level: - New Logon: Security ID: S-1-5-21-3623811015-3361044348-30300820-1015 Account Name: matthew.harris Account Domain: CONTOSO Logon ID: 0x12353 Logon GUID: {12345678-1234-5678-9012-123456789026} Process Information: Process ID: 0x4 Process Name: C:\Windows\System32\winlogon.exe Network Information: Workstation Name: SHARED-WORKSPACE Source Network Address: 192.0.2.123 Source Port: 0 Additional Information: User-Agent: Mozilla/5.0 (Macintosh; Intel Mac OS X 10_15_7) AppleWebKit/537.36 (KHTML, like Gecko) Chrome/120.0.0.0 Safari/537.36 Location: Manila, Philippines (New)
Feb  8 04:33:35 DC03 Microsoft-Windows-Security-Auditing[4624]: An account was successfully logged on. Subject: Security ID: S-1-0-0 Account Name: - Account Domain: - Logon ID: 0x0 Logon Information: Logon Type: 3 Restricted Admin Mode: - Virtual Account: No Elevated Token: No Impersonation Level: - New Logon: Security ID: S-1-5-21-3623811015-3361044348-30300820-1016 Account Name: stephanie.clark Account Domain: CONTOSO Logon ID: 0x12354 Logon GUID: {12345678-1234-5678-9012-123456789027} Process Information: Process ID: 0x0 Process Name: - Network Information: Workstation Name: UNIVERSITY-LAB-PC Source Network Address: 203.0.113.67 Source Port: 49159 Additional Information: User-Agent: Mozilla/5.0 (X11; Linux x86_64) AppleWebKit/537.36 (KHTML, like Gecko) Chrome/120.0.0.0 Safari/537.36 Location: Casablanca, Morocco (New)
Feb  8 04:33:48 DC02 Microsoft-Windows-Security-Auditing[4624]: An account was successfully logged on. Subject: Security ID: S-1-0-0 Account Name: - Account Domain: - Logon ID: 0x0 Logon Information: Logon Type: 10 Restricted Admin Mode: - Virtual Account: No Elevated Token: Yes Impersonation Level: - New Logon: Security ID: S-1-5-21-3623811015-3361044348-30300820-1017 Account Name: andrew.lewis Account Domain: CONTOSO Logon ID: 0x12355 Logon GUID: {12345678-1234-5678-9012-123456789028} Process Information: Process ID: 0x4 Process Name: C:\Windows\System32\winlogon.exe Network Information: Workstation Name: BUSINESS-CENTER-PC Source Network Address: 198.51.100.89 Source Port: 0 Additional Information: User-Agent: Mozilla/5.0 (Windows NT 10.0; Win64; x64; rv:121.0) Gecko/20100101 Firefox/121.0 Location: Kuala Lumpur, Malaysia (New)
Feb  8 04:34:01 DC01 Microsoft-Windows-Security-Auditing[4624]: An account was successfully logged on. Subject: Security ID: S-1-0-0 Account Name: - Account Domain: - Logon ID: 0x0 Logon Information: Logon Type: 3 Restricted Admin Mode: - Virtual Account: No Elevated Token: No Impersonation Level: - New Logon: Security ID: S-1-5-21-3623811015-3361044348-30300820-1018 Account Name: kimberly.robinson Account Domain: CONTOSO Logon ID: 0x12356 Logon GUID: {12345678-1234-5678-9012-123456789029} Process Information: Process ID: 0x0 Process Name: - Network Information: Workstation Name: MOBILE-HOTSPOT-01 Source Network Address: 192.0.2.156 Source Port: 49160 Additional Information: User-Agent: Mozilla/5.0 (iPhone; CPU iPhone OS 17_2 like Mac OS X) AppleWebKit/605.1.15 (KHTML, like Gecko) Version/17.2 Mobile/15E148 Safari/604.1 Location: Lima, Peru (New)
Feb  8 04:34:15 DC03 Microsoft-Windows-Security-Auditing[4624]: An account was successfully logged on. Subject: Security ID: S-1-0-0 Account Name: - Account Domain: - Logon ID: 0x0 Logon Information: Logon Type: 10 Restricted Admin Mode: - Virtual Account: No Elevated Token: Yes Impersonation Level: - New Logon: Security ID: S-1-5-21-3623811015-3361044348-30300820-1019 Account Name: joshua.walker Account Domain: CONTOSO Logon ID: 0x12357 Logon GUID: {12345678-1234-5678-9012-123456789030} Process Information: Process ID: 0x4 Process Name: C:\Windows\System32\winlogon.exe Network Information: Workstation Name: TRAIN-STATION-KIOSK Source Network Address: 203.0.113.234 Source Port: 0 Additional Information: User-Agent: Mozilla/5.0 (Android 14; Mobile; rv:121.0) Gecko/121.0 Firefox/121.0 Location: Riyadh, Saudi Arabia (New)
Feb  8 04:34:28 DC02 Microsoft-Windows-Security-Auditing[4624]: An account was successfully logged on. Subject: Security ID: S-1-0-0 Account Name: - Account Domain: - Logon ID: 0x0 Logon Information: Logon Type: 3 Restricted Admin Mode: - Virtual Account: No Elevated Token: No Impersonation Level: - New Logon: Security ID: S-1-5-21-3623811015-3361044348-30300820-1020 Account Name: amanda.hall Account Domain: CONTOSO Logon ID: 0x12358 Logon GUID: {12345678-1234-5678-9012-123456789031} Process Information: Process ID: 0x0 Process Name: - Network Information: Workstation Name: PUBLIC-LIBRARY-PC Source Network Address: 198.51.100.178 Source Port: 49161 Additional Information: User-Agent: Mozilla/5.0 (Windows NT 10.0; Win64; x64) AppleWebKit/537.36 (KHTML, like Gecko) Chrome/120.0.0.0 Safari/537.36 Location: Accra, Ghana (New)
Feb  8 04:34:42 DC01 Microsoft-Windows-Security-Auditing[4624]: An account was successfully logged on. Subject: Security ID: S-1-0-0 Account Name: - Account Domain: - Logon ID: 0x0 Logon Information: Logon Type: 10 Restricted Admin Mode: - Virtual Account: No Elevated Token: Yes Impersonation Level: - New Logon: Security ID: S-1-5-21-3623811015-3361044348-30300820-1021 Account Name: justin.allen Account Domain: CONTOSO Logon ID: 0x12359 Logon GUID: {12345678-1234-5678-9012-123456789032} Process Information: Process ID: 0x4 Process Name: C:\Windows\System32\winlogon.exe Network Information: Workstation Name: HOTEL-GUEST-PC Source Network Address: 192.0.2.89 Source Port: 0 Additional Information: User-Agent: Mozilla/5.0 (Macintosh; Intel Mac OS X 10_15_7) AppleWebKit/605.1.15 (KHTML, like Gecko) Version/17.2 Safari/605.1.15 Location: Bogotá, Colombia (New)
Feb  8 04:34:55 DC03 Microsoft-Windows-Security-Auditing[4624]: An account was successfully logged on. Subject: Security ID: S-1-0-0 Account Name: - Account Domain: - Logon ID: 0x0 Logon Information: Logon Type: 3 Restricted Admin Mode: - Virtual Account: No Elevated Token: No Impersonation Level: - New Logon: Security ID: S-1-5-21-3623811015-3361044348-30300820-1022 Account Name: megan.young Account Domain: CONTOSO Logon ID: 0x1235A Logon GUID: {12345678-1234-5678-9012-123456789033} Process Information: Process ID: 0x0 Process Name: - Network Information: Workstation Name: AIRPORT-LOUNGE-PC Source Network Address: 203.0.113.123 Source Port: 49162 Additional Information: User-Agent: Mozilla/5.0 (iPad; CPU OS 17_2 like Mac OS X) AppleWebKit/605.1.15 (KHTML, like Gecko) Version/17.2 Mobile/15E148 Safari/604.1 Location: Tel Aviv, Israel (New)
Feb  8 04:35:08 DC02 Microsoft-Windows-Security-Auditing[4624]: An account was successfully logged on. Subject: Security ID: S-1-0-0 Account Name: - Account Domain: - Logon ID: 0x0 Logon Information: Logon Type: 10 Restricted Admin Mode: - Virtual Account: No Elevated Token: Yes Impersonation Level: - New Logon: Security ID: S-1-5-21-3623811015-3361044348-30300820-1023 Account Name: brandon.hernandez Account Domain: CONTOSO Logon ID: 0x1235B Logon GUID: {12345678-1234-5678-9012-123456789034} Process Information: Process ID: 0x4 Process Name: C:\Windows\System32\winlogon.exe Network Information: Workstation Name: CAFE-WIFI-DEVICE Source Network Address: 198.51.100.67 Source Port: 0 Additional Information: User-Agent: Mozilla/5.0 (X11; Linux x86_64; rv:121.0) Gecko/20100101 Firefox/121.0 Location: Doha, Qatar (New)
Feb  8 04:35:21 DC01 Microsoft-Windows-Security-Auditing[4624]: An account was successfully logged on. Subject: Security ID: S-1-0-0 Account Name: - Account Domain: - Logon ID: 0x0 Logon Information: Logon Type: 3 Restricted Admin Mode: - Virtual Account: No Elevated Token: No Impersonation Level: - New Logon: Security ID: S-1-5-21-3623811015-3361044348-30300820-1024 Account Name: nicole.king Account Domain: CONTOSO Logon ID: 0x1235C Logon GUID: {12345678-1234-5678-9012-123456789035} Process Information: Process ID: 0x0 Process Name: - Network Information: Workstation Name: COWORKING-REMOTE Source Network Address: 192.0.2.234 Source Port: 49163 Additional Information: User-Agent: Mozilla/5.0 (Windows NT 10.0; Win64; x64) AppleWebKit/537.36 (KHTML, like Gecko) Edge/120.0.0.0 Safari/537.36 Location: Almaty, Kazakhstan (New)
Feb  8 04:35:35 DC03 Microsoft-Windows-Security-Auditing[4624]: An account was successfully logged on. Subject: Security ID: S-1-0-0 Account Name: - Account Domain: - Logon ID: 0x0 Logon Information: Logon Type: 10 Restricted Admin Mode: - Virtual Account: No Elevated Token: Yes Impersonation Level: - New Logon: Security ID: S-1-5-21-3623811015-3361044348-30300820-1025 Account Name: tyler.wright Account Domain: CONTOSO Logon ID: 0x1235D Logon GUID: {12345678-1234-5678-9012-123456789036} Process Information: Process ID: 0x4 Process Name: C:\Windows\System32\winlogon.exe Network Information: Workstation Name: SHARED-OFFICE-PC Source Network Address: 203.0.113.45 Source Port: 0 Additional Information: User-Agent: Mozilla/5.0 (Macintosh; Intel Mac OS X 10_15_7) AppleWebKit/537.36 (KHTML, like Gecko) Chrome/120.0.0.0 Safari/537.36 Location: Tunis, Tunisia (New)
Feb  8 04:35:48 DC02 Microsoft-Windows-Security-Auditing[4624]: An account was successfully logged on. Subject: Security ID: S-1-0-0 Account Name: - Account Domain: - Logon ID: 0x0 Logon Information: Logon Type: 3 Restricted Admin Mode: - Virtual Account: No Elevated Token: No Impersonation Level: - New Logon: Security ID: S-1-5-21-3623811015-3361044348-30300820-1026 Account Name: rachel.lopez Account Domain: CONTOSO Logon ID: 0x1235E Logon GUID: {12345678-1234-5678-9012-123456789037} Process Information: Process ID: 0x0 Process Name: - Network Information: Workstation Name: MALL-PUBLIC-WIFI Source Network Address: 198.51.100.156 Source Port: 49164 Additional Information: User-Agent: Mozilla/5.0 (Android 14; Mobile; rv:121.0) Gecko/121.0 Firefox/121.0 Location: Colombo, Sri Lanka (New)
Feb  8 04:36:01 DC01 Microsoft-Windows-Security-Auditing[4624]: An account was successfully logged on. Subject: Security ID: S-1-0-0 Account Name: - Account Domain: - Logon ID: 0x0 Logon Information: Logon Type: 10 Restricted Admin Mode: - Virtual Account: No Elevated Token: Yes Impersonation Level: - New Logon: Security ID: S-1-5-21-3623811015-3361044348-30300820-1027 Account Name: jacob.hill Account Domain: CONTOSO Logon ID: 0x1235F Logon GUID: {12345678-1234-5678-9012-123456789038} Process Information: Process ID: 0x4 Process Name: C:\Windows\System32\winlogon.exe Network Information: Workstation Name: GUEST-NETWORK-PC Source Network Address: 192.0.2.78 Source Port: 0 Additional Information: User-Agent: Mozilla/5.0 (Windows NT 10.0; Win64; x64; rv:121.0) Gecko/20100101 Firefox/121.0 Location: Dhaka, Bangladesh (New)
Feb  8 04:36:15 DC03 Microsoft-Windows-Security-Auditing[4624]: An account was successfully logged on. Subject: Security ID: S-1-0-0 Account Name: - Account Domain: - Logon ID: 0x0 Logon Information: Logon Type: 3 Restricted Admin Mode: - Virtual Account: No Elevated Token: No Impersonation Level: - New Logon: Security ID: S-1-5-21-3623811015-3361044348-30300820-1028 Account Name: samantha.scott Account Domain: CONTOSO Logon ID: 0x12360 Logon GUID: {12345678-1234-5678-9012-123456789039} Process Information: Process ID: 0x0 Process Name: - Network Information: Workstation Name: REMOTE-BRANCH-PC Source Network Address: 203.0.113.234 Source Port: 49165 Additional Information: User-Agent: Mozilla/5.0 (iPhone; CPU iPhone OS 17_2 like Mac OS X) AppleWebKit/605.1.15 (KHTML, like Gecko) Version/17.2 Mobile/15E148 Safari/604.1 Location: Karachi, Pakistan (New)
Feb  8 04:36:28 DC02 Microsoft-Windows-Security-Auditing[4624]: An account was successfully logged on. Subject: Security ID: S-1-0-0 Account Name: - Account Domain: - Logon ID: 0x0 Logon Information: Logon Type: 10 Restricted Admin Mode: - Virtual Account: No Elevated Token: Yes Impersonation Level: - New Logon: Security ID: S-1-5-21-3623811015-3361044348-30300820-1029 Account Name: nathan.green Account Domain: CONTOSO Logon ID: 0x12361 Logon GUID: {12345678-1234-5678-9012-123456789040} Process Information: Process ID: 0x4 Process Name: C:\Windows\System32\winlogon.exe Network Information: Workstation Name: VISITOR-CENTER-PC Source Network Address: 198.51.100.89 Source Port: 0 Additional Information: User-Agent: Mozilla/5.0 (X11; Ubuntu; Linux x86_64; rv:121.0) Gecko/20100101 Firefox/121.0 Location: Tashkent, Uzbekistan (New)
Feb  8 04:36:42 DC01 Microsoft-Windows-Security-Auditing[4624]: An account was successfully logged on. Subject: Security ID: S-1-0-0 Account Name: - Account Domain: - Logon ID: 0x0 Logon Information: Logon Type: 3 Restricted Admin Mode: - Virtual Account: No Elevated Token: No Impersonation Level: - New Logon: Security ID: S-1-5-21-3623811015-3361044348-30300820-1030 Account Name: heather.adams Account Domain: CONTOSO Logon ID: 0x12362 Logon GUID: {12345678-1234-5678-9012-123456789041} Process Information: Process ID: 0x0 Process Name: - Network Information: Workstation Name: TEMP-OFFICE-SPACE Source Network Address: 192.0.2.123 Source Port: 49166 Additional Information: User-Agent: Mozilla/5.0 (Macintosh; Intel Mac OS X 10_15_7) AppleWebKit/605.1.15 (KHTML, like Gecko) Version/17.2 Safari/605.1.15 Location: Minsk, Belarus (New)
Feb  8 04:36:55 DC03 Microsoft-Windows-Security-Auditing[4624]: An account was successfully logged on. Subject: Security ID: S-1-0-0 Account Name: - Account Domain: - Logon ID: 0x0 Logon Information: Logon Type: 10 Restricted Admin Mode: - Virtual Account: No Elevated Token: Yes Impersonation Level: - New Logon: Security ID: S-1-5-21-3623811015-3361044348-30300820-1031 Account Name: aaron.baker Account Domain: CONTOSO Logon ID: 0x12363 Logon GUID: {12345678-1234-5678-9012-123456789042} Process Information: Process ID: 0x4 Process Name: C:\Windows\System32\winlogon.exe Network Information: Workstation Name: CONFERENCE-WIFI Source Network Address: 203.0.113.167 Source Port: 0 Additional Information: User-Agent: Mozilla/5.0 (Windows NT 10.0; Win64; x64) AppleWebKit/537.36 (KHTML, like Gecko) Chrome/120.0.0.0 Safari/537.36 Location: Baku, Azerbaijan (New)
Feb  8 04:37:08 DC02 Microsoft-Windows-Security-Auditing[4624]: An account was successfully logged on. Subject: Security ID: S-1-0-0 Account Name: - Account Domain: - Logon ID: 0x0 Logon Information: Logon Type: 3 Restricted Admin Mode: - Virtual Account: No Elevated Token: No Impersonation Level: - New Logon: Security ID: S-1-5-21-3623811015-3361044348-30300820-1032 Account Name: crystal.gonzalez Account Domain: CONTOSO Logon ID: 0x12364 Logon GUID: {12345678-1234-5678-9012-123456789043} Process Information: Process ID: 0x0 Process Name: - Network Information: Workstation Name: HOTEL-BUSINESS-CTR Source Network Address: 198.51.100.234 Source Port: 49167 Additional Information: User-Agent: Mozilla/5.0 (iPad; CPU OS 17_2 like Mac OS X) AppleWebKit/605.1.15 (KHTML, like Gecko) Version/17.2 Mobile/15E148 Safari/604.1 Location: Yerevan, Armenia (New)
Feb  8 04:37:21 DC01 Microsoft-Windows-Security-Auditing[4624]: An account was successfully logged on. Subject: Security ID: S-1-0-0 Account Name: - Account Domain: - Logon ID: 0x0 Logon Information: Logon Type: 10 Restricted Admin Mode: - Virtual Account: No Elevated Token: Yes Impersonation Level: - New Logon: Security ID: S-1-5-21-3623811015-3361044348-30300820-1033 Account Name: jeremy.nelson Account Domain: CONTOSO Logon ID: 0x12365 Logon GUID: {12345678-1234-5678-9012-123456789044} Process Information: Process ID: 0x4 Process Name: C:\Windows\System32\winlogon.exe Network Information: Workstation Name: STARTUP-INCUBATOR Source Network Address: 192.0.2.45 Source Port: 0 Additional Information: User-Agent: Mozilla/5.0 (Android 14; Mobile; rv:121.0) Gecko/121.0 Firefox/121.0 Location: Tbilisi, Georgia (New)
Feb  8 04:37:35 DC03 Microsoft-Windows-Security-Auditing[4624]: An account was successfully logged on. Subject: Security ID: S-1-0-0 Account Name: - Account Domain: - Logon ID: 0x0 Logon Information: Logon Type: 3 Restricted Admin Mode: - Virtual Account: No Elevated Token: No Impersonation Level: - New Logon: Security ID: S-1-5-21-3623811015-3361044348-30300820-1034 Account Name: tiffany.carter Account Domain: CONTOSO Logon ID: 0x12366 Logon GUID: {12345678-1234-5678-9012-123456789045} Process Information: Process ID: 0x0 Process Name: - Network Information: Workstation Name: NOMAD-WORKSPACE Source Network Address: 203.0.113.78 Source Port: 49168 Additional Information: User-Agent: Mozilla/5.0 (Windows NT 10.0; Win64; x64) AppleWebKit/537.36 (KHTML, like Gecko) Edge/120.0.0.0 Safari/537.36 Location: Bishkek, Kyrgyzstan (New)
Feb  8 04:37:48 DC02 Microsoft-Windows-Security-Auditing[4624]: An account was successfully logged on. Subject: Security ID: S-1-0-0 Account Name: - Account Domain: - Logon ID: 0x0 Logon Information: Logon Type: 10 Restricted Admin Mode: - Virtual Account: No Elevated Token: Yes Impersonation Level: - New Logon: Security ID: S-1-5-21-3623811015-3361044348-30300820-1035 Account Name: gregory.mitchell Account Domain: CONTOSO Logon ID: 0x12367 Logon GUID: {12345678-1234-5678-9012-123456789046} Process Information: Process ID: 0x4 Process Name: C:\Windows\System32\winlogon.exe Network Information: Workstation Name: DIGITAL-NOMAD-CAFE Source Network Address: 198.51.100.123 Source Port: 0 Additional Information: User-Agent: Mozilla/5.0 (Macintosh; Intel Mac OS X 10_15_7) AppleWebKit/537.36 (KHTML, like Gecko) Chrome/120.0.0.0 Safari/537.36 Location: Dushanbe, Tajikistan (New)
Feb  8 04:38:01 DC01 Microsoft-Windows-Security-Auditing[4624]: An account was successfully logged on. Subject: Security ID: S-1-0-0 Account Name: - Account Domain: - Logon ID: 0x0 Logon Information: Logon Type: 3 Restricted Admin Mode: - Virtual Account: No Elevated Token: No Impersonation Level: - New Logon: Security ID: S-1-5-21-3623811015-3361044348-30300820-1036 Account Name: vanessa.perez Account Domain: CONTOSO Logon ID: 0x12368 Logon GUID: {12345678-1234-5678-9012-123456789047} Process Information: Process ID: 0x0 Process Name: - Network Information: Workstation Name: FLEXIBLE-WORKSPACE Source Network Address: 192.0.2.167 Source Port: 49169 Additional Information: User-Agent: Mozilla/5.0 (iPhone; CPU iPhone OS 17_2 like Mac OS X) AppleWebKit/605.1.15 (KHTML, like Gecko) Version/17.2 Mobile/15E148 Safari/604.1 Location: Ashgabat, Turkmenistan (New)
Feb  8 04:38:15 DC03 Microsoft-Windows-Security-Auditing[4624]: An account was successfully logged on. Subject: Security ID: S-1-0-0 Account Name: - Account Domain: - Logon ID: 0x0 Logon Information: Logon Type: 10 Restricted Admin Mode: - Virtual Account: No Elevated Token: Yes Impersonation Level: - New Logon: Security ID: S-1-5-21-3623811015-3361044348-30300820-1037 Account Name: patrick.roberts Account Domain: CONTOSO Logon ID: 0x12369 Logon GUID: {12345678-1234-5678-9012-123456789048} Process Information: Process ID: 0x4 Process Name: C:\Windows\System32\winlogon.exe Network Information: Workstation Name: FREELANCER-HUB Source Network Address: 203.0.113.89 Source Port: 0 Additional Information: User-Agent: Mozilla/5.0 (X11; Linux x86_64; rv:121.0) Gecko/20100101 Firefox/121.0 Location: Ulaanbaatar, Mongolia (New)
Feb  8 04:38:28 DC02 Microsoft-Windows-Security-Auditing[4624]: An account was successfully logged on. Subject: Security ID: S-1-0-0 Account Name: - Account Domain: - Logon ID: 0x0 Logon Information: Logon Type: 3 Restricted Admin Mode: - Virtual Account: No Elevated Token: No Impersonation Level: - New Logon: Security ID: S-1-5-21-3623811015-3361044348-30300820-1038 Account Name: kathryn.turner Account Domain: CONTOSO Logon ID: 0x1236A Logon GUID: {12345678-1234-5678-9012-123456789049} Process Information: Process ID: 0x0 Process Name: - Network Information: Workstation Name: REMOTE-WORKER-PC Source Network Address: 198.51.100.45 Source Port: 49170 Additional Information: User-Agent: Mozilla/5.0 (Windows NT 10.0; Win64; x64; rv:121.0) Gecko/20100101 Firefox/121.0 Location: Vientiane, Laos (New)
Feb  8 04:38:42 DC01 Microsoft-Windows-Security-Auditing[4624]: An account was successfully logged on. Subject: Security ID: S-1-0-0 Account Name: - Account Domain: - Logon ID: 0x0 Logon Information: Logon Type: 10 Restricted Admin Mode: - Virtual Account: No Elevated Token: Yes Impersonation Level: - New Logon: Security ID: S-1-5-21-3623811015-3361044348-30300820-1039 Account Name: sean.phillips Account Domain: CONTOSO Logon ID: 0x1236B Logon GUID: {12345678-1234-5678-9012-123456789050} Process Information: Process ID: 0x4 Process Name: C:\Windows\System32\winlogon.exe Network Information: Workstation Name: COWORKING-GLOBAL Source Network Address: 192.0.2.234 Source Port: 0 Additional Information: User-Agent: Mozilla/5.0 (Macintosh; Intel Mac OS X 10_15_7) AppleWebKit/605.1.15 (KHTML, like Gecko) Version/17.2 Safari/605.1.15 Location: Phnom Penh, Cambodia (New)