Feb  8 04:30:15 WS01 Microsoft-Windows-Security-Auditing[4648]: A logon was attempted using explicit credentials. Subject: Security ID: S-1-5-21-3623811015-3361044348-30300820-1001 Account Name: john.doe Account Domain: CONTOSO Logon ID: 0x3e7 Logon GUID: {00000000-0000-0000-0000-000000000000} Target Server: Target Server Name: localhost Target Info: localhost Account For Which Logon Failed: Security ID: S-1-0-0 Account Name: SYSTEM Account Domain: NT AUTHORITY Process Information: Process ID: 0x1234 Process Name: C:\Windows\Temp\potato.exe Network Information: Network Address: 127.0.0.1 Port: 6666
Feb  8 04:30:22 WS02 Microsoft-Windows-Security-Auditing[4648]: A logon was attempted using explicit credentials. Subject: Security ID: S-1-5-21-3623811015-3361044348-30300820-1002 Account Name: jane.smith Account Domain: CONTOSO Logon ID: 0x3e8 Logon GUID: {00000000-0000-0000-0000-000000000000} Target Server: Target Server Name: localhost Target Info: localhost Account For Which Logon Failed: Security ID: S-1-0-0 Account Name: SYSTEM Account Domain: NT AUTHORITY Process Information: Process ID: 0x1235 Process Name: C:\Users\Public\rotten.exe Network Information: Network Address: 127.0.0.1 Port: 6666
Feb  8 04:30:35 SRV01 Microsoft-Windows-Security-Auditing[4648]: A logon was attempted using explicit credentials. Subject: Security ID: S-1-5-21-3623811015-3361044348-30300820-1003 Account Name: mike.johnson Account Domain: CONTOSO Logon ID: 0x3e9 Logon GUID: {00000000-0000-0000-0000-000000000000} Target Server: Target Server Name: 127.0.0.1 Target Info: localhost Account For Which Logon Failed: Security ID: S-1-0-0 Account Name: SYSTEM Account Domain: NT AUTHORITY Process Information: Process ID: 0x1236 Process Name: C:\Temp\exploit.exe Network Information: Network Address: 127.0.0.1 Port: 6666
Feb  8 04:30:48 WS03 Microsoft-Windows-Kernel-Process[5]: A process has exited. Process ID: 0x1237 Image: C:\Windows\System32\spoolsv.exe User: NT AUTHORITY\SYSTEM Exit Status: 0x0 Exit Time: 2025-02-08T04:30:48.123Z
Feb  8 04:30:49 WS03 Microsoft-Windows-Security-Auditing[4648]: A logon was attempted using explicit credentials. Subject: Security ID: S-1-5-21-3623811015-3361044348-30300820-1004 Account Name: sarah.wilson Account Domain: CONTOSO Logon ID: 0x3ea Logon GUID: {00000000-0000-0000-0000-000000000000} Target Server: Target Server Name: localhost Target Info: localhost Account For Which Logon Failed: Security ID: S-1-0-0 Account Name: SYSTEM Account Domain: NT AUTHORITY Process Information: Process ID: 0x1238 Process Name: C:\ProgramData\malware.exe Network Information: Network Address: 127.0.0.1 Port: 6666
Feb  8 04:31:01 SRV02 Microsoft-Windows-Security-Auditing[4648]: A logon was attempted using explicit credentials. Subject: Security ID: S-1-5-21-3623811015-3361044348-30300820-1005 Account Name: david.brown Account Domain: CONTOSO Logon ID: 0x3eb Logon GUID: {00000000-0000-0000-0000-000000000000} Target Server: Target Server Name: 127.0.0.1 Target Info: localhost Account For Which Logon Failed: Security ID: S-1-0-0 Account Name: SYSTEM Account Domain: NT AUTHORITY Process Information: Process ID: 0x1239 Process Name: C:\Windows\Temp\privilege_escalation.exe Network Information: Network Address: 127.0.0.1 Port: 6666
Feb  8 04:31:15 WS04 Microsoft-Windows-Kernel-Process[5]: A process has exited. Process ID: 0x123A Image: C:\Windows\System32\lsass.exe User: NT AUTHORITY\SYSTEM Exit Status: 0x0 Exit Time: 2025-02-08T04:31:15.456Z
Feb  8 04:31:16 WS04 Microsoft-Windows-Security-Auditing[4648]: A logon was attempted using explicit credentials. Subject: Security ID: S-1-5-21-3623811015-3361044348-30300820-1006 Account Name: lisa.davis Account Domain: CONTOSO Logon ID: 0x3ec Logon GUID: {00000000-0000-0000-0000-000000000000} Target Server: Target Server Name: localhost Target Info: localhost Account For Which Logon Failed: Security ID: S-1-0-0 Account Name: SYSTEM Account Domain: NT AUTHORITY Process Information: Process ID: 0x123B Process Name: C:\Users\lisa.davis\Desktop\escalate.exe Network Information: Network Address: 127.0.0.1 Port: 6666
Feb  8 04:31:28 SRV03 Microsoft-Windows-Security-Auditing[4648]: A logon was attempted using explicit credentials. Subject: Security ID: S-1-5-21-3623811015-3361044348-30300820-1007 Account Name: robert.miller Account Domain: CONTOSO Logon ID: 0x3ed Logon GUID: {00000000-0000-0000-0000-000000000000} Target Server: Target Server Name: 127.0.0.1 Target Info: localhost Account For Which Logon Failed: Security ID: S-1-0-0 Account Name: SYSTEM Account Domain: NT AUTHORITY Process Information: Process ID: 0x123C Process Name: C:\Windows\System32\cmd.exe Network Information: Network Address: 127.0.0.1 Port: 6666
Feb  8 04:31:42 WS05 Microsoft-Windows-Kernel-Process[5]: A process has exited. Process ID: 0x123D Image: C:\Windows\System32\winlogon.exe User: NT AUTHORITY\SYSTEM Exit Status: 0x0 Exit Time: 2025-02-08T04:31:42.789Z
Feb  8 04:31:43 WS05 Microsoft-Windows-Security-Auditing[4648]: A logon was attempted using explicit credentials. Subject: Security ID: S-1-5-21-3623811015-3361044348-30300820-1008 Account Name: amy.garcia Account Domain: CONTOSO Logon ID: 0x3ee Logon GUID: {00000000-0000-0000-0000-000000000000} Target Server: Target Server Name: localhost Target Info: localhost Account For Which Logon Failed: Security ID: S-1-0-0 Account Name: SYSTEM Account Domain: NT AUTHORITY Process Information: Process ID: 0x123E Process Name: C:\Temp\system_access.exe Network Information: Network Address: 127.0.0.1 Port: 6666
Feb  8 04:31:55 SRV04 Microsoft-Windows-Security-Auditing[4648]: A logon was attempted using explicit credentials. Subject: Security ID: S-1-5-21-3623811015-3361044348-30300820-1009 Account Name: kevin.martinez Account Domain: CONTOSO Logon ID: 0x3ef Logon GUID: {00000000-0000-0000-0000-000000000000} Target Server: Target Server Name: 127.0.0.1 Target Info: localhost Account For Which Logon Failed: Security ID: S-1-0-0 Account Name: SYSTEM Account Domain: NT AUTHORITY Process Information: Process ID: 0x123F Process Name: C:\Windows\Temp\impersonate.exe Network Information: Network Address: 127.0.0.1 Port: 6666
Feb  8 04:32:08 WS06 Microsoft-Windows-Kernel-Process[5]: A process has exited. Process ID: 0x1240 Image: C:\Windows\System32\csrss.exe User: NT AUTHORITY\SYSTEM Exit Status: 0x0 Exit Time: 2025-02-08T04:32:08.012Z
Feb  8 04:32:09 WS06 Microsoft-Windows-Security-Auditing[4648]: A logon was attempted using explicit credentials. Subject: Security ID: S-1-5-21-3623811015-3361044348-30300820-1010 Account Name: jennifer.anderson Account Domain: CONTOSO Logon ID: 0x3f0 Logon GUID: {00000000-0000-0000-0000-000000000000} Target Server: Target Server Name: localhost Target Info: localhost Account For Which Logon Failed: Security ID: S-1-0-0 Account Name: SYSTEM Account Domain: NT AUTHORITY Process Information: Process ID: 0x1241 Process Name: C:\ProgramData\backdoor.exe Network Information: Network Address: 127.0.0.1 Port: 6666
Feb  8 04:32:21 SRV05 Microsoft-Windows-Security-Auditing[4648]: A logon was attempted using explicit credentials. Subject: Security ID: S-1-5-21-3623811015-3361044348-30300820-1011 Account Name: chris.taylor Account Domain: CONTOSO Logon ID: 0x3f1 Logon GUID: {00000000-0000-0000-0000-000000000000} Target Server: Target Server Name: 127.0.0.1 Target Info: localhost Account For Which Logon Failed: Security ID: S-1-0-0 Account Name: SYSTEM Account Domain: NT AUTHORITY Process Information: Process ID: 0x1242 Process Name: C:\Users\Public\Downloads\token_steal.exe Network Information: Network Address: 127.0.0.1 Port: 6666
Feb  8 04:32:35 WS07 Microsoft-Windows-Kernel-Process[5]: A process has exited. Process ID: 0x1243 Image: C:\Windows\System32\services.exe User: NT AUTHORITY\SYSTEM Exit Status: 0x0 Exit Time: 2025-02-08T04:32:35.345Z
Feb  8 04:32:36 WS07 Microsoft-Windows-Security-Auditing[4648]: A logon was attempted using explicit credentials. Subject: Security ID: S-1-5-21-3623811015-3361044348-30300820-1012 Account Name: michelle.thomas Account Domain: CONTOSO Logon ID: 0x3f2 Logon GUID: {00000000-0000-0000-0000-000000000000} Target Server: Target Server Name: localhost Target Info: localhost Account For Which Logon Failed: Security ID: S-1-0-0 Account Name: SYSTEM Account Domain: NT AUTHORITY Process Information: Process ID: 0x1244 Process Name: C:\Windows\System32\powershell.exe Network Information: Network Address: 127.0.0.1 Port: 6666
Feb  8 04:32:48 SRV06 Microsoft-Windows-Security-Auditing[4648]: A logon was attempted using explicit credentials. Subject: Security ID: S-1-5-21-3623811015-3361044348-30300820-1013 Account Name: daniel.jackson Account Domain: CONTOSO Logon ID: 0x3f3 Logon GUID: {00000000-0000-0000-0000-000000000000} Target Server: Target Server Name: 127.0.0.1 Target Info: localhost Account For Which Logon Failed: Security ID: S-1-0-0 Account Name: SYSTEM Account Domain: NT AUTHORITY Process Information: Process ID: 0x1245 Process Name: C:\Temp\hot_potato.exe Network Information: Network Address: 127.0.0.1 Port: 6666
Feb  8 04:33:01 WS08 Microsoft-Windows-Kernel-Process[5]: A process has exited. Process ID: 0x1246 Image: C:\Windows\System32\svchost.exe User: NT AUTHORITY\SYSTEM Exit Status: 0x0 Exit Time: 2025-02-08T04:33:01.678Z
Feb  8 04:33:02 WS08 Microsoft-Windows-Security-Auditing[4648]: A logon was attempted using explicit credentials. Subject: Security ID: S-1-5-21-3623811015-3361044348-30300820-1014 Account Name: ashley.white Account Domain: CONTOSO Logon ID: 0x3f4 Logon GUID: {00000000-0000-0000-0000-000000000000} Target Server: Target Server Name: localhost Target Info: localhost Account For Which Logon Failed: Security ID: S-1-0-0 Account Name: SYSTEM Account Domain: NT AUTHORITY Process Information: Process ID: 0x1247 Process Name: C:\Windows\Temp\mitm_attack.exe Network Information: Network Address: 127.0.0.1 Port: 6666
Feb  8 04:33:15 SRV07 Microsoft-Windows-Security-Auditing[4648]: A logon was attempted using explicit credentials. Subject: Security ID: S-1-5-21-3623811015-3361044348-30300820-1015 Account Name: matthew.harris Account Domain: CONTOSO Logon ID: 0x3f5 Logon GUID: {00000000-0000-0000-0000-000000000000} Target Server: Target Server Name: 127.0.0.1 Target Info: localhost Account For Which Logon Failed: Security ID: S-1-0-0 Account Name: SYSTEM Account Domain: NT AUTHORITY Process Information: Process ID: 0x1248 Process Name: C:\Users\matthew.harris\AppData\Local\Temp\intercept.exe Network Information: Network Address: 127.0.0.1 Port: 6666
Feb  8 04:33:28 WS09 Microsoft-Windows-Kernel-Process[5]: A process has exited. Process ID: 0x1249 Image: C:\Windows\System32\wininit.exe User: NT AUTHORITY\SYSTEM Exit Status: 0x0 Exit Time: 2025-02-08T04:33:28.901Z
Feb  8 04:33:29 WS09 Microsoft-Windows-Security-Auditing[4648]: A logon was attempted using explicit credentials. Subject: Security ID: S-1-5-21-3623811015-3361044348-30300820-1016 Account Name: stephanie.clark Account Domain: CONTOSO Logon ID: 0x3f6 Logon GUID: {00000000-0000-0000-0000-000000000000} Target Server: Target Server Name: localhost Target Info: localhost Account For Which Logon Failed: Security ID: S-1-0-0 Account Name: SYSTEM Account Domain: NT AUTHORITY Process Information: Process ID: 0x124A Process Name: C:\ProgramFiles\malicious_tool.exe Network Information: Network Address: 127.0.0.1 Port: 6666
Feb  8 04:33:42 SRV08 Microsoft-Windows-Security-Auditing[4648]: A logon was attempted using explicit credentials. Subject: Security ID: S-1-5-21-3623811015-3361044348-30300820-1017 Account Name: andrew.lewis Account Domain: CONTOSO Logon ID: 0x3f7 Logon GUID: {00000000-0000-0000-0000-000000000000} Target Server: Target Server Name: 127.0.0.1 Target Info: localhost Account For Which Logon Failed: Security ID: S-1-0-0 Account Name: SYSTEM Account Domain: NT AUTHORITY Process Information: Process ID: 0x124B Process Name: C:\Windows\System32\rundll32.exe Network Information: Network Address: 127.0.0.1 Port: 6666
Feb  8 04:33:55 WS10 Microsoft-Windows-Kernel-Process[5]: A process has exited. Process ID: 0x124C Image: C:\Windows\System32\dwm.exe User: NT AUTHORITY\SYSTEM Exit Status: 0x0 Exit Time: 2025-02-08T04:33:55.234Z
Feb  8 04:33:56 WS10 Microsoft-Windows-Security-Auditing[4648]: A logon was attempted using explicit credentials. Subject: Security ID: S-1-5-21-3623811015-3361044348-30300820-1018 Account Name: kimberly.robinson Account Domain: CONTOSO Logon ID: 0x3f8 Logon GUID: {00000000-0000-0000-0000-000000000000} Target Server: Target Server Name: localhost Target Info: localhost Account For Which Logon Failed: Security ID: S-1-0-0 Account Name: SYSTEM Account Domain: NT AUTHORITY Process Information: Process ID: 0x124D Process Name: C:\Temp\adversary_mitm.exe Network Information: Network Address: 127.0.0.1 Port: 6666
Feb  8 04:34:08 SRV09 Microsoft-Windows-Security-Auditing[4648]: A logon was attempted using explicit credentials. Subject: Security ID: S-1-5-21-3623811015-3361044348-30300820-1019 Account Name: joshua.walker Account Domain: CONTOSO Logon ID: 0x3f9 Logon GUID: {00000000-0000-0000-0000-000000000000} Target Server: Target Server Name: 127.0.0.1 Target Info: localhost Account For Which Logon Failed: Security ID: S-1-0-0 Account Name: SYSTEM Account Domain: NT AUTHORITY Process Information: Process ID: 0x124E Process Name: C:\Users\joshua.walker\Documents\exploit_kit.exe Network Information: Network Address: 127.0.0.1 Port: 6666
Feb  8 04:34:21 WS11 Microsoft-Windows-Kernel-Process[5]: A process has exited. Process ID: 0x124F Image: C:\Windows\System32\taskhost.exe User: NT AUTHORITY\SYSTEM Exit Status: 0x0 Exit Time: 2025-02-08T04:34:21.567Z
Feb  8 04:34:22 WS11 Microsoft-Windows-Security-Auditing[4648]: A logon was attempted using explicit credentials. Subject: Security ID: S-1-5-21-3623811015-3361044348-30300820-1020 Account Name: amanda.hall Account Domain: CONTOSO Logon ID: 0x3fa Logon GUID: {00000000-0000-0000-0000-000000000000} Target Server: Target Server Name: localhost Target Info: localhost Account For Which Logon Failed: Security ID: S-1-0-0 Account Name: SYSTEM Account Domain: NT AUTHORITY Process Information: Process ID: 0x1250 Process Name: C:\Windows\Temp\rotten_potato_ng.exe Network Information: Network Address: 127.0.0.1 Port: 6666
Feb  8 04:34:35 SRV10 Microsoft-Windows-Security-Auditing[4648]: A logon was attempted using explicit credentials. Subject: Security ID: S-1-5-21-3623811015-3361044348-30300820-1021 Account Name: justin.allen Account Domain: CONTOSO Logon ID: 0x3fb Logon GUID: {00000000-0000-0000-0000-000000000000} Target Server: Target Server Name: 127.0.0.1 Target Info: localhost Account For Which Logon Failed: Security ID: S-1-0-0 Account Name: SYSTEM Account Domain: NT AUTHORITY Process Information: Process ID: 0x1251 Process Name: C:\ProgramData\Temp\juicy_potato.exe Network Information: Network Address: 127.0.0.1 Port: 6666
Feb  8 04:34:48 WS12 Microsoft-Windows-Kernel-Process[5]: A process has exited. Process ID: 0x1252 Image: C:\Windows\System32\conhost.exe User: NT AUTHORITY\SYSTEM Exit Status: 0x0 Exit Time: 2025-02-08T04:34:48.890Z
Feb  8 04:34:49 WS12 Microsoft-Windows-Security-Auditing[4648]: A logon was attempted using explicit credentials. Subject: Security ID: S-1-5-21-3623811015-3361044348-30300820-1022 Account Name: megan.young Account Domain: CONTOSO Logon ID: 0x3fc Logon GUID: {00000000-0000-0000-0000-000000000000} Target Server: Target Server Name: localhost Target Info: localhost Account For Which Logon Failed: Security ID: S-1-0-0 Account Name: SYSTEM Account Domain: NT AUTHORITY Process Information: Process ID: 0x1253 Process Name: C:\Users\Public\sweet_potato.exe Network Information: Network Address: 127.0.0.1 Port: 6666
Feb  8 04:35:01 SRV11 Microsoft-Windows-Security-Auditing[4648]: A logon was attempted using explicit credentials. Subject: Security ID: S-1-5-21-3623811015-3361044348-30300820-1023 Account Name: brandon.hernandez Account Domain: CONTOSO Logon ID: 0x3fd Logon GUID: {00000000-0000-0000-0000-000000000000} Target Server: Target Server Name: 127.0.0.1 Target Info: localhost Account For Which Logon Failed: Security ID: S-1-0-0 Account Name: SYSTEM Account Domain: NT AUTHORITY Process Information: Process ID: 0x1254 Process Name: C:\Windows\System32\mshta.exe Network Information: Network Address: 127.0.0.1 Port: 6666
Feb  8 04:35:15 WS13 Microsoft-Windows-Kernel-Process[5]: A process has exited. Process ID: 0x1255 Image: C:\Windows\System32\audiodg.exe User: NT AUTHORITY\SYSTEM Exit Status: 0x0 Exit Time: 2025-02-08T04:35:15.123Z
Feb  8 04:35:16 WS13 Microsoft-Windows-Security-Auditing[4648]: A logon was attempted using explicit credentials. Subject: Security ID: S-1-5-21-3623811015-3361044348-30300820-1024 Account Name: nicole.king Account Domain: CONTOSO Logon ID: 0x3fe Logon GUID: {00000000-0000-0000-0000-000000000000} Target Server: Target Server Name: localhost Target Info: localhost Account For Which Logon Failed: Security ID: S-1-0-0 Account Name: SYSTEM Account Domain: NT AUTHORITY Process Information: Process ID: 0x1256 Process Name: C:\Temp\god_potato.exe Network Information: Network Address: 127.0.0.1 Port: 6666
Feb  8 04:35:28 SRV12 Microsoft-Windows-Security-Auditing[4648]: A logon was attempted using explicit credentials. Subject: Security ID: S-1-5-21-3623811015-3361044348-30300820-1025 Account Name: tyler.wright Account Domain: CONTOSO Logon ID: 0x3ff Logon GUID: {00000000-0000-0000-0000-000000000000} Target Server: Target Server Name: 127.0.0.1 Target Info: localhost Account For Which Logon Failed: Security ID: S-1-0-0 Account Name: SYSTEM Account Domain: NT AUTHORITY Process Information: Process ID: 0x1257 Process Name: C:\Users\tyler.wright\AppData\Roaming\lonely_potato.exe Network Information: Network Address: 127.0.0.1 Port: 6666
Feb  8 04:35:42 WS14 Microsoft-Windows-Kernel-Process[5]: A process has exited. Process ID: 0x1258 Image: C:\Windows\System32\smss.exe User: NT AUTHORITY\SYSTEM Exit Status: 0x0 Exit Time: 2025-02-08T04:35:42.456Z
Feb  8 04:35:43 WS14 Microsoft-Windows-Security-Auditing[4648]: A logon was attempted using explicit credentials. Subject: Security ID: S-1-5-21-3623811015-3361044348-30300820-1026 Account Name: rachel.lopez Account Domain: CONTOSO Logon ID: 0x400 Logon GUID: {00000000-0000-0000-0000-000000000000} Target Server: Target Server Name: localhost Target Info: localhost Account For Which Logon Failed: Security ID: S-1-0-0 Account Name: SYSTEM Account Domain: NT AUTHORITY Process Information: Process ID: 0x1259 Process Name: C:\Windows\Temp\remote_potato.exe Network Information: Network Address: 127.0.0.1 Port: 6666
Feb  8 04:35:55 SRV13 Microsoft-Windows-Security-Auditing[4648]: A logon was attempted using explicit credentials. Subject: Security ID: S-1-5-21-3623811015-3361044348-30300820-1027 Account Name: jacob.hill Account Domain: CONTOSO Logon ID: 0x401 Logon GUID: {00000000-0000-0000-0000-000000000000} Target Server: Target Server Name: 127.0.0.1 Target Info: localhost Account For Which Logon Failed: Security ID: S-1-0-0 Account Name: SYSTEM Account Domain: NT AUTHORITY Process Information: Process ID: 0x125A Process Name: C:\ProgramFiles\Common Files\system_hijack.exe Network Information: Network Address: 127.0.0.1 Port: 6666
Feb  8 04:36:08 WS15 Microsoft-Windows-Kernel-Process[5]: A process has exited. Process ID: 0x125B Image: C:\Windows\System32\userinit.exe User: NT AUTHORITY\SYSTEM Exit Status: 0x0 Exit Time: 2025-02-08T04:36:08.789Z
Feb  8 04:36:09 WS15 Microsoft-Windows-Security-Auditing[4648]: A logon was attempted using explicit credentials. Subject: Security ID: S-1-5-21-3623811015-3361044348-30300820-1028 Account Name: samantha.scott Account Domain: CONTOSO Logon ID: 0x402 Logon GUID: {00000000-0000-0000-0000-000000000000} Target Server: Target Server Name: localhost Target Info: localhost Account For Which Logon Failed: Security ID: S-1-0-0 Account Name: SYSTEM Account Domain: NT AUTHORITY Process Information: Process ID: 0x125C Process Name: C:\Users\samantha.scott\Desktop\token_impersonation.exe Network Information: Network Address: 127.0.0.1 Port: 6666
Feb  8 04:36:21 SRV14 Microsoft-Windows-Security-Auditing[4648]: A logon was attempted using explicit credentials. Subject: Security ID: S-1-5-21-3623811015-3361044348-30300820-1029 Account Name: nathan.green Account Domain: CONTOSO Logon ID: 0x403 Logon GUID: {00000000-0000-0000-0000-000000000000} Target Server: Target Server Name: 127.0.0.1 Target Info: localhost Account For Which Logon Failed: Security ID: S-1-0-0 Account Name: SYSTEM Account Domain: NT AUTHORITY Process Information: Process ID: 0x125D Process Name: C:\Temp\adversary_in_the_middle.exe Network Information: Network Address: 127.0.0.1 Port: 6666
Feb  8 04:36:35 WS16 Microsoft-Windows-Kernel-Process[5]: A process has exited. Process ID: 0x125E Image: C:\Windows\System32\winlogon.exe User: NT AUTHORITY\SYSTEM Exit Status: 0x0 Exit Time: 2025-02-08T04:36:35.012Z
Feb  8 04:36:36 WS16 Microsoft-Windows-Security-Auditing[4648]: A logon was attempted using explicit credentials. Subject: Security ID: S-1-5-21-3623811015-3361044348-30300820-1030 Account Name: heather.adams Account Domain: CONTOSO Logon ID: 0x404 Logon GUID: {00000000-0000-0000-0000-000000000000} Target Server: Target Server Name: localhost Target Info: localhost Account For Which Logon Failed: Security ID: S-1-0-0 Account Name: SYSTEM Account Domain: NT AUTHORITY Process Information: Process ID: 0x125F Process Name: C:\Windows\System32\regsvr32.exe Network Information: Network Address: 127.0.0.1 Port: 6666
Feb  8 04:36:48 SRV15 Microsoft-Windows-Security-Auditing[4648]: A logon was attempted using explicit credentials. Subject: Security ID: S-1-5-21-3623811015-3361044348-30300820-1031 Account Name: aaron.baker Account Domain: CONTOSO Logon ID: 0x405 Logon GUID: {00000000-0000-0000-0000-000000000000} Target Server: Target Server Name: 127.0.0.1 Target Info: localhost Account For Which Logon Failed: Security ID: S-1-0-0 Account Name: SYSTEM Account Domain: NT AUTHORITY Process Information: Process ID: 0x1260 Process Name: C:\ProgramData\Microsoft\Windows\Start Menu\Programs\Startup\privilege_escalation.exe Network Information: Network Address: 127.0.0.1 Port: 6666
Feb  8 04:37:01 WS17 Microsoft-Windows-Kernel-Process[5]: A process has exited. Process ID: 0x1261 Image: C:\Windows\System32\lsm.exe User: NT AUTHORITY\SYSTEM Exit Status: 0x0 Exit Time: 2025-02-08T04:37:01.345Z
Feb  8 04:37:02 WS17 Microsoft-Windows-Security-Auditing[4648]: A logon was attempted using explicit credentials. Subject: Security ID: S-1-5-21-3623811015-3361044348-30300820-1032 Account Name: crystal.gonzalez Account Domain: CONTOSO Logon ID: 0x406 Logon GUID: {00000000-0000-0000-0000-000000000000} Target Server: Target Server Name: localhost Target Info: localhost Account For Which Logon Failed: Security ID: S-1-0-0 Account Name: SYSTEM Account Domain: NT AUTHORITY Process Information: Process ID: 0x1262 Process Name: C:\Users\crystal.gonzalez\Downloads\system_token_steal.exe Network Information: Network Address: 127.0.0.1 Port: 6666
Feb  8 04:37:15 SRV16 Microsoft-Windows-Security-Auditing[4648]: A logon was attempted using explicit credentials. Subject: Security ID: S-1-5-21-3623811015-3361044348-30300820-1033 Account Name: jeremy.nelson Account Domain: CONTOSO Logon ID: 0x407 Logon GUID: {00000000-0000-0000-0000-000000000000} Target Server: Target Server Name: 127.0.0.1 Target Info: localhost Account For Which Logon Failed: Security ID: S-1-0-0 Account Name: SYSTEM Account Domain: NT AUTHORITY Process Information: Process ID: 0x1263 Process Name: C:\Windows\Temp\mitm_exploitation.exe Network Information: Network Address: 127.0.0.1 Port: 6666
Feb  8 04:37:28 WS18 Microsoft-Windows-Kernel-Process[5]: A process has exited. Process ID: 0x1264 Image: C:\Windows\System32\explorer.exe User: NT AUTHORITY\SYSTEM Exit Status: 0x0 Exit Time: 2025-02-08T04:37:28.678Z
Feb  8 04:37:29 WS18 Microsoft-Windows-Security-Auditing[4648]: A logon was attempted using explicit credentials. Subject: Security ID: S-1-5-21-3623811015-3361044348-30300820-1034 Account Name: tiffany.carter Account Domain: CONTOSO Logon ID: 0x408 Logon GUID: {00000000-0000-0000-0000-000000000000} Target Server: Target Server Name: localhost Target Info: localhost Account For Which Logon Failed: Security ID: S-1-0-0 Account Name: SYSTEM Account Domain: NT AUTHORITY Process Information: Process ID: 0x1265 Process Name: C:\Temp\ultimate_potato.exe Network Information: Network Address: 127.0.0.1 Port: 6666
Feb  8 04:37:42 SRV17 Microsoft-Windows-Security-Auditing[4648]: A logon was attempted using explicit credentials. Subject: Security ID: S-1-5-21-3623811015-3361044348-30300820-1035 Account Name: gregory.mitchell Account Domain: CONTOSO Logon ID: 0x409 Logon GUID: {00000000-0000-0000-0000-000000000000} Target Server: Target Server Name: 127.0.0.1 Target Info: localhost Account For Which Logon Failed: Security ID: S-1-0-0 Account Name: SYSTEM Account Domain: NT AUTHORITY Process Information: Process ID: 0x1266 Process Name: C:\Users\Public\Documents\adversary_middle_attack.exe Network Information: Network Address: 127.0.0.1 Port: 6666